Subprocess exited with error code 1
Error output generated by subprocess:
Error opening code model "../lib/ngspice/spice2poly.cm"
: ../lib/ngspice/spice2poly.cm: cannot open shared object file: No such file or directory
Error: Library ../lib/ngspice/spice2poly.cm couldn't be loaded!
Error opening code model "../lib/ngspice/analog.cm"
: ../lib/ngspice/analog.cm: cannot open shared object file: No such file or directory
Error: Library ../lib/ngspice/analog.cm couldn't be loaded!
Error opening code model "../lib/ngspice/digital.cm"
: ../lib/ngspice/digital.cm: cannot open shared object file: No such file or directory
Error: Library ../lib/ngspice/digital.cm couldn't be loaded!
Error opening code model "../lib/ngspice/xtradev.cm"
: ../lib/ngspice/xtradev.cm: cannot open shared object file: No such file or directory
Error: Library ../lib/ngspice/xtradev.cm couldn't be loaded!
Error opening code model "../lib/ngspice/xtraevt.cm"
: ../lib/ngspice/xtraevt.cm: cannot open shared object file: No such file or directory
Error: Library ../lib/ngspice/xtraevt.cm couldn't be loaded!
Error opening code model "../lib/ngspice/table.cm"
: ../lib/ngspice/table.cm: cannot open shared object file: No such file or directory
Error: Library ../lib/ngspice/table.cm couldn't be loaded!
Warning: redefinition of .subckt inverter, ignored
Netlist line no. 399:
Undefined parameter [fnoicor]
Netlist line no. 399:
 Expression err: fnoicor==0)*3.2e+041+(fnoicor==1)*3.5e+042
Netlist line no. 399:
 Expression err: (fnoicor==0)*3.2e+041+(fnoicor==1)*3.5e+042
Netlist line no. 399:
 Formula() error.
      |.param nfet_03v3_noia={(fnoicor==0)*3.2e+041+(fnoicor==1)*3.5e+042}| : |nfet_03v3_noia|=|(fnoicor==0)*3.2e+041+(fnoicor==1)*3.5e+042|
Netlist line no. 399:
Undefined parameter [fnoicor]
Netlist line no. 399:
 Expression err: fnoicor==0)*1.2e+020+(fnoicor==1)*1.2e+020
Netlist line no. 399:
 Expression err: (fnoicor==0)*1.2e+020+(fnoicor==1)*1.2e+020
Netlist line no. 399:
 Formula() error.
      |.param nfet_03v3_noib={(fnoicor==0)*1.2e+020+(fnoicor==1)*1.2e+020}| : |nfet_03v3_noib|=|(fnoicor==0)*1.2e+020+(fnoicor==1)*1.2e+020|
Netlist line no. 399:
Undefined parameter [fnoicor]
Netlist line no. 399:
 Expression err: fnoicor==0)*6.0e+008+(fnoicor==1)*6.0e+008
Netlist line no. 399:
 Expression err: (fnoicor==0)*6.0e+008+(fnoicor==1)*6.0e+008
Netlist line no. 399:
 Formula() error.
      |.param nfet_03v3_noic={(fnoicor==0)*6.0e+008+(fnoicor==1)*6.0e+008}| : |nfet_03v3_noic|=|(fnoicor==0)*6.0e+008+(fnoicor==1)*6.0e+008|
Netlist line no. 399:
Undefined parameter [fnoicor]
Netlist line no. 399:
 Expression err: fnoicor==0)*3.2e+041+(fnoicor==1)*4.0e+042
Netlist line no. 399:
 Expression err: (fnoicor==0)*3.2e+041+(fnoicor==1)*4.0e+042
Netlist line no. 399:
 Formula() error.
      |.param pfet_03v3_noia={(fnoicor==0)*3.2e+041+(fnoicor==1)*4.0e+042}| : |pfet_03v3_noia|=|(fnoicor==0)*3.2e+041+(fnoicor==1)*4.0e+042|
Netlist line no. 399:
Undefined parameter [fnoicor]
Netlist line no. 399:
 Expression err: fnoicor==0)*1.8e+020+(fnoicor==1)*1.8e+020
Netlist line no. 399:
 Expression err: (fnoicor==0)*1.8e+020+(fnoicor==1)*1.8e+020
Netlist line no. 399:
 Formula() error.
      |.param pfet_03v3_noib={(fnoicor==0)*1.8e+020+(fnoicor==1)*1.8e+020}| : |pfet_03v3_noib|=|(fnoicor==0)*1.8e+020+(fnoicor==1)*1.8e+020|
Netlist line no. 399:
Undefined parameter [fnoicor]
Netlist line no. 399:
 Expression err: fnoicor==0)*3.0e+009+(fnoicor==1)*6.0e+009
Netlist line no. 399:
 Expression err: (fnoicor==0)*3.0e+009+(fnoicor==1)*6.0e+009
Netlist line no. 399:
 Formula() error.
      |.param pfet_03v3_noic={(fnoicor==0)*3.0e+009+(fnoicor==1)*6.0e+009}| : |pfet_03v3_noic|=|(fnoicor==0)*3.0e+009+(fnoicor==1)*6.0e+009|
Netlist line no. 399:
Undefined parameter [fnoicor]
Netlist line no. 399:
 Expression err: fnoicor==0)*1.998e+041+(fnoicor==1)*8e+041
Netlist line no. 399:
 Expression err: (fnoicor==0)*1.998e+041+(fnoicor==1)*8e+041
Netlist line no. 399:
 Formula() error.
      |.param nfet_06v0_noia={(fnoicor==0)*1.998e+041+(fnoicor==1)*8e+041}| : |nfet_06v0_noia|=|(fnoicor==0)*1.998e+041+(fnoicor==1)*8e+041|
Netlist line no. 399:
Undefined parameter [fnoicor]
Netlist line no. 399:
 Expression err: fnoicor==0)*1e+025+(fnoicor==1)*4e+025
Netlist line no. 399:
 Expression err: (fnoicor==0)*1e+025+(fnoicor==1)*4e+025
Netlist line no. 399:
 Formula() error.
      |.param nfet_06v0_noib={(fnoicor==0)*1e+025+(fnoicor==1)*4e+025}| : |nfet_06v0_noib|=|(fnoicor==0)*1e+025+(fnoicor==1)*4e+025|
Netlist line no. 399:
Undefined parameter [fnoicor]
Netlist line no. 399:
 Expression err: fnoicor==0)*5e+008+(fnoicor==1)*2e+009
Netlist line no. 399:
 Expression err: (fnoicor==0)*5e+008+(fnoicor==1)*2e+009
Netlist line no. 399:
 Formula() error.
      |.param nfet_06v0_noic={(fnoicor==0)*5e+008+(fnoicor==1)*2e+009}| : |nfet_06v0_noic|=|(fnoicor==0)*5e+008+(fnoicor==1)*2e+009|
Netlist line no. 399:
Undefined parameter [fnoicor]
Netlist line no. 399:
 Expression err: fnoicor==0)*6e+040+(fnoicor==1)*2e+043
Netlist line no. 399:
 Expression err: (fnoicor==0)*6e+040+(fnoicor==1)*2e+043
Netlist line no. 399:
 Formula() error.
      |.param pfet_06v0_noia={(fnoicor==0)*6e+040+(fnoicor==1)*2e+043}| : |pfet_06v0_noia|=|(fnoicor==0)*6e+040+(fnoicor==1)*2e+043|
Netlist line no. 399:
Undefined parameter [fnoicor]
Netlist line no. 399:
 Expression err: fnoicor==0)*1.5945e+025+(fnoicor==1)*1.5945e+025
Netlist line no. 399:
 Expression err: (fnoicor==0)*1.5945e+025+(fnoicor==1)*1.5945e+025
Netlist line no. 399:
 Formula() error.
      |.param pfet_06v0_noib={(fnoicor==0)*1.5945e+025+(fnoicor==1)*1.5945e+025}| : |pfet_06v0_noib|=|(fnoicor==0)*1.5945e+025+(fnoicor==1)*1.5945e+025|
Netlist line no. 399:
Undefined parameter [fnoicor]
Netlist line no. 399:
 Expression err: fnoicor==0)*1.0499e+009+(fnoicor==1)*1.0499e+009
Netlist line no. 399:
 Expression err: (fnoicor==0)*1.0499e+009+(fnoicor==1)*1.0499e+009
Netlist line no. 399:
 Formula() error.
      |.param pfet_06v0_noic={(fnoicor==0)*1.0499e+009+(fnoicor==1)*1.0499e+009}| : |pfet_06v0_noic|=|(fnoicor==0)*1.0499e+009+(fnoicor==1)*1.0499e+009|
Netlist line no. 399:
Undefined parameter [fnoicor]
Netlist line no. 399:
 Expression err: fnoicor==0)*5.5e+040+(fnoicor==1)*1e+041
Netlist line no. 399:
 Expression err: (fnoicor==0)*5.5e+040+(fnoicor==1)*1e+041
Netlist line no. 399:
 Formula() error.
      |.param nfet_06v0_nvt_noia={(fnoicor==0)*5.5e+040+(fnoicor==1)*1e+041}| : |nfet_06v0_nvt_noia|=|(fnoicor==0)*5.5e+040+(fnoicor==1)*1e+041|
Netlist line no. 399:
Undefined parameter [fnoicor]
Netlist line no. 399:
 Expression err: fnoicor==0)*2.5e+025+(fnoicor==1)*9.5e+025
Netlist line no. 399:
 Expression err: (fnoicor==0)*2.5e+025+(fnoicor==1)*9.5e+025
Netlist line no. 399:
 Formula() error.
      |.param nfet_06v0_nvt_noib={(fnoicor==0)*2.5e+025+(fnoicor==1)*9.5e+025}| : |nfet_06v0_nvt_noib|=|(fnoicor==0)*2.5e+025+(fnoicor==1)*9.5e+025|
Netlist line no. 399:
Undefined parameter [fnoicor]
Netlist line no. 399:
 Expression err: fnoicor==0)*1e+007+(fnoicor==1)*2e+007
Netlist line no. 399:
 Expression err: (fnoicor==0)*1e+007+(fnoicor==1)*2e+007
Netlist line no. 399:
 Formula() error.
      |.param nfet_06v0_nvt_noic={(fnoicor==0)*1e+007+(fnoicor==1)*2e+007}| : |nfet_06v0_nvt_noic|=|(fnoicor==0)*1e+007+(fnoicor==1)*2e+007|
Netlist line no. 1573:
Undefined parameter [sw_stat_mismatch]
Netlist line no. 1573:
Cannot compute substitute
Netlist line no. 1580:
Undefined parameter [sw_stat_mismatch]
Netlist line no. 1580:
Cannot compute substitute
Netlist line no. 455:
Undefined parameter [nfet_03v3_noia]
Netlist line no. 455:
Cannot compute substitute
Netlist line no. 456:
Undefined parameter [nfet_03v3_noia]
Netlist line no. 456:
Cannot compute substitute
Netlist line no. 457:
Undefined parameter [nfet_03v3_noia]
Netlist line no. 457:
Cannot compute substitute
Netlist line no. 458:
Undefined parameter [nfet_03v3_noia]
Netlist line no. 458:
Cannot compute substitute
Netlist line no. 459:
Undefined parameter [nfet_03v3_noia]
Netlist line no. 459:
Cannot compute substitute
Netlist line no. 460:
Undefined parameter [nfet_03v3_noia]
Netlist line no. 460:
Cannot compute substitute
Netlist line no. 461:
Undefined parameter [nfet_03v3_noia]
Netlist line no. 461:
Cannot compute substitute
Netlist line no. 462:
Undefined parameter [nfet_03v3_noia]
Netlist line no. 462:
Cannot compute substitute
Netlist line no. 463:
Undefined parameter [nfet_03v3_noia]
Netlist line no. 463:
Cannot compute substitute
Netlist line no. 464:
Undefined parameter [nfet_03v3_noia]
Netlist line no. 464:
Cannot compute substitute
Netlist line no. 465:
Undefined parameter [nfet_03v3_noia]
Netlist line no. 465:
Cannot compute substitute
Netlist line no. 466:
Undefined parameter [nfet_03v3_noia]
Netlist line no. 466:
Cannot compute substitute
Netlist line no. 467:
Undefined parameter [nfet_03v3_noia]
Netlist line no. 467:
Cannot compute substitute
Netlist line no. 468:
Undefined parameter [nfet_03v3_noia]
Netlist line no. 468:
Cannot compute substitute
Netlist line no. 469:
Undefined parameter [nfet_03v3_noia]
Netlist line no. 469:
Cannot compute substitute
Netlist line no. 470:
Undefined parameter [nfet_03v3_noia]
Netlist line no. 470:
Cannot compute substitute
Netlist line no. 653:
Undefined parameter [pfet_03v3_noia]
Netlist line no. 653:
Cannot compute substitute
Netlist line no. 654:
Undefined parameter [pfet_03v3_noia]
Netlist line no. 654:
Cannot compute substitute
Netlist line no. 655:
Undefined parameter [pfet_03v3_noia]
Netlist line no. 655:
Cannot compute substitute
Netlist line no. 656:
Undefined parameter [pfet_03v3_noia]
Netlist line no. 656:
Cannot compute substitute
Netlist line no. 657:
Undefined parameter [pfet_03v3_noia]
Netlist line no. 657:
Cannot compute substitute
Netlist line no. 658:
Undefined parameter [pfet_03v3_noia]
Netlist line no. 658:
Cannot compute substitute
Netlist line no. 659:
Undefined parameter [pfet_03v3_noia]
Netlist line no. 659:
Cannot compute substitute
Netlist line no. 660:
Undefined parameter [pfet_03v3_noia]
Netlist line no. 660:
Cannot compute substitute
Netlist line no. 661:
Undefined parameter [pfet_03v3_noia]
Netlist line no. 661:
Cannot compute substitute
Netlist line no. 662:
Undefined parameter [pfet_03v3_noia]
Netlist line no. 662:
Cannot compute substitute
Netlist line no. 663:
Undefined parameter [pfet_03v3_noia]
Netlist line no. 663:
Cannot compute substitute
Netlist line no. 664:
Undefined parameter [pfet_03v3_noia]
Netlist line no. 664:
Cannot compute substitute
Netlist line no. 665:
Undefined parameter [pfet_03v3_noia]
Netlist line no. 665:
Cannot compute substitute
Netlist line no. 666:
Undefined parameter [pfet_03v3_noia]
Netlist line no. 666:
Cannot compute substitute
Netlist line no. 667:
Undefined parameter [pfet_03v3_noia]
Netlist line no. 667:
Cannot compute substitute
Netlist line no. 668:
Undefined parameter [pfet_03v3_noia]
Netlist line no. 668:
Cannot compute substitute

ERROR: fatal error in ngspice, exit(1)
