Running parameters: transient_response
Generating simulation netlist from schematic…
Parameter transient_response: Generating simulation files…
Parameter transient_response: Running simulations…
Subprocess exited with error code 1
Error output generated by subprocess:
Error opening code model "../lib/ngspice/spice2poly.cm"
: ../lib/ngspice/spice2poly.cm: cannot open shared object file: No such file or directory
Error: Library ../lib/ngspice/spice2poly.cm couldn't be loaded!
Error opening code model "../lib/ngspice/analog.cm"
: ../lib/ngspice/analog.cm: cannot open shared object file: No such file or directory
Error: Library ../lib/ngspice/analog.cm couldn't be loaded!
Error opening code model "../lib/ngspice/digital.cm"
: ../lib/ngspice/digital.cm: cannot open shared object file: No such file or directory
Error: Library ../lib/ngspice/digital.cm couldn't be loaded!
Error opening code model "../lib/ngspice/xtradev.cm"
: ../lib/ngspice/xtradev.cm: cannot open shared object file: No such file or directory
Error: Library ../lib/ngspice/xtradev.cm couldn't be loaded!
Error opening code model "../lib/ngspice/xtraevt.cm"
: ../lib/ngspice/xtraevt.cm: cannot open shared object file: No such file or directory
Error: Library ../lib/ngspice/xtraevt.cm couldn't be loaded!
Error opening code model "../lib/ngspice/table.cm"
: ../lib/ngspice/table.cm: cannot open shared object file: No such file or directory
Error: Library ../lib/ngspice/table.cm couldn't be loaded!
Warning: redefinition of .subckt inverter, ignored
Netlist line no. 399:
Undefined parameter [fnoicor]
Netlist line no. 399:
 Expression err: fnoicor==0)*3.2e+041+(fnoicor==1)*3.5e+042
Netlist line no. 399:
 Expression err: (fnoicor==0)*3.2e+041+(fnoicor==1)*3.5e+042
Netlist line no. 399:
 Formula() error.
      |.param nfet_03v3_noia={(fnoicor==0)*3.2e+041+(fnoicor==1)*3.5e+042}| : |nfet_03v3_noia|=|(fnoicor==0)*3.2e+041+(fnoicor==1)*3.5e+042|
Netlist line no. 399:
Undefined parameter [fnoicor]
Netlist line no. 399:
 Expression err: fnoicor==0)*1.2e+020+(fnoicor==1)*1.2e+020
Netlist line no. 399:
 Expression err: (fnoicor==0)*1.2e+020+(fnoicor==1)*1.2e+020
Netlist line no. 399:
 Formula() error.
      |.param nfet_03v3_noib={(fnoicor==0)*1.2e+020+(fnoicor==1)*1.2e+020}| : |nfet_03v3_noib|=|(fnoicor==0)*1.2e+020+(fnoicor==1)*1.2e+020|
Netlist line no. 399:
Undefined parameter [fnoicor]
Netlist line no. 399:
 Expression err: fnoicor==0)*6.0e+008+(fnoicor==1)*6.0e+008
Netlist line no. 399:
 Expression err: (fnoicor==0)*6.0e+008+(fnoicor==1)*6.0e+008
Netlist line no. 399:
 Formula() error.
      |.param nfet_03v3_noic={(fnoicor==0)*6.0e+008+(fnoicor==1)*6.0e+008}| : |nfet_03v3_noic|=|(fnoicor==0)*6.0e+008+(fnoicor==1)*6.0e+008|
Netlist line no. 399:
Undefined parameter [fnoicor]
Netlist line no. 399:
 Expression err: fnoicor==0)*3.2e+041+(fnoicor==1)*4.0e+042
Netlist line no. 399:
 Expression err: (fnoicor==0)*3.2e+041+(fnoicor==1)*4.0e+042
Netlist line no. 399:
 Formula() error.
      |.param pfet_03v3_noia={(fnoicor==0)*3.2e+041+(fnoicor==1)*4.0e+042}| : |pfet_03v3_noia|=|(fnoicor==0)*3.2e+041+(fnoicor==1)*4.0e+042|
Netlist line no. 399:
Undefined parameter [fnoicor]
Netlist line no. 399:
 Expression err: fnoicor==0)*1.8e+020+(fnoicor==1)*1.8e+020
Netlist line no. 399:
 Expression err: (fnoicor==0)*1.8e+020+(fnoicor==1)*1.8e+020
Netlist line no. 399:
 Formula() error.
      |.param pfet_03v3_noib={(fnoicor==0)*1.8e+020+(fnoicor==1)*1.8e+020}| : |pfet_03v3_noib|=|(fnoicor==0)*1.8e+020+(fnoicor==1)*1.8e+020|
Netlist line no. 399:
Undefined parameter [fnoicor]
Netlist line no. 399:
 Expression err: fnoicor==0)*3.0e+009+(fnoicor==1)*6.0e+009
Netlist line no. 399:
 Expression err: (fnoicor==0)*3.0e+009+(fnoicor==1)*6.0e+009
Netlist line no. 399:
 Formula() error.
      |.param pfet_03v3_noic={(fnoicor==0)*3.0e+009+(fnoicor==1)*6.0e+009}| : |pfet_03v3_noic|=|(fnoicor==0)*3.0e+009+(fnoicor==1)*6.0e+009|
Netlist line no. 399:
Undefined parameter [fnoicor]
Netlist line no. 399:
 Expression err: fnoicor==0)*1.998e+041+(fnoicor==1)*8e+041
Netlist line no. 399:
 Expression err: (fnoicor==0)*1.998e+041+(fnoicor==1)*8e+041
Netlist line no. 399:
 Formula() error.
      |.param nfet_06v0_noia={(fnoicor==0)*1.998e+041+(fnoicor==1)*8e+041}| : |nfet_06v0_noia|=|(fnoicor==0)*1.998e+041+(fnoicor==1)*8e+041|
Netlist line no. 399:
Undefined parameter [fnoicor]
Netlist line no. 399:
 Expression err: fnoicor==0)*1e+025+(fnoicor==1)*4e+025
Netlist line no. 399:
 Expression err: (fnoicor==0)*1e+025+(fnoicor==1)*4e+025
Netlist line no. 399:
 Formula() error.
      |.param nfet_06v0_noib={(fnoicor==0)*1e+025+(fnoicor==1)*4e+025}| : |nfet_06v0_noib|=|(fnoicor==0)*1e+025+(fnoicor==1)*4e+025|
Netlist line no. 399:
Undefined parameter [fnoicor]
Netlist line no. 399:
 Expression err: fnoicor==0)*5e+008+(fnoicor==1)*2e+009
Netlist line no. 399:
 Expression err: (fnoicor==0)*5e+008+(fnoicor==1)*2e+009
Netlist line no. 399:
 Formula() error.
      |.param nfet_06v0_noic={(fnoicor==0)*5e+008+(fnoicor==1)*2e+009}| : |nfet_06v0_noic|=|(fnoicor==0)*5e+008+(fnoicor==1)*2e+009|
Netlist line no. 399:
Undefined parameter [fnoicor]
Netlist line no. 399:
 Expression err: fnoicor==0)*6e+040+(fnoicor==1)*2e+043
Netlist line no. 399:
 Expression err: (fnoicor==0)*6e+040+(fnoicor==1)*2e+043
Netlist line no. 399:
 Formula() error.
      |.param pfet_06v0_noia={(fnoicor==0)*6e+040+(fnoicor==1)*2e+043}| : |pfet_06v0_noia|=|(fnoicor==0)*6e+040+(fnoicor==1)*2e+043|
Netlist line no. 399:
Undefined parameter [fnoicor]
Netlist line no. 399:
 Expression err: fnoicor==0)*1.5945e+025+(fnoicor==1)*1.5945e+025
Netlist line no. 399:
 Expression err: (fnoicor==0)*1.5945e+025+(fnoicor==1)*1.5945e+025
Netlist line no. 399:
 Formula() error.
      |.param pfet_06v0_noib={(fnoicor==0)*1.5945e+025+(fnoicor==1)*1.5945e+025}| : |pfet_06v0_noib|=|(fnoicor==0)*1.5945e+025+(fnoicor==1)*1.5945e+025|
Netlist line no. 399:
Undefined parameter [fnoicor]
Netlist line no. 399:
 Expression err: fnoicor==0)*1.0499e+009+(fnoicor==1)*1.0499e+009
Netlist line no. 399:
 Expression err: (fnoicor==0)*1.0499e+009+(fnoicor==1)*1.0499e+009
Netlist line no. 399:
 Formula() error.
      |.param pfet_06v0_noic={(fnoicor==0)*1.0499e+009+(fnoicor==1)*1.0499e+009}| : |pfet_06v0_noic|=|(fnoicor==0)*1.0499e+009+(fnoicor==1)*1.0499e+009|
Netlist line no. 399:
Undefined parameter [fnoicor]
Netlist line no. 399:
 Expression err: fnoicor==0)*5.5e+040+(fnoicor==1)*1e+041
Netlist line no. 399:
 Expression err: (fnoicor==0)*5.5e+040+(fnoicor==1)*1e+041
Netlist line no. 399:
 Formula() error.
      |.param nfet_06v0_nvt_noia={(fnoicor==0)*5.5e+040+(fnoicor==1)*1e+041}| : |nfet_06v0_nvt_noia|=|(fnoicor==0)*5.5e+040+(fnoicor==1)*1e+041|
Netlist line no. 399:
Undefined parameter [fnoicor]
Netlist line no. 399:
 Expression err: fnoicor==0)*2.5e+025+(fnoicor==1)*9.5e+025
Netlist line no. 399:
 Expression err: (fnoicor==0)*2.5e+025+(fnoicor==1)*9.5e+025
Netlist line no. 399:
 Formula() error.
      |.param nfet_06v0_nvt_noib={(fnoicor==0)*2.5e+025+(fnoicor==1)*9.5e+025}| : |nfet_06v0_nvt_noib|=|(fnoicor==0)*2.5e+025+(fnoicor==1)*9.5e+025|
Netlist line no. 399:
Undefined parameter [fnoicor]
Netlist line no. 399:
 Expression err: fnoicor==0)*1e+007+(fnoicor==1)*2e+007
Netlist line no. 399:
 Expression err: (fnoicor==0)*1e+007+(fnoicor==1)*2e+007
Netlist line no. 399:
 Formula() error.
      |.param nfet_06v0_nvt_noic={(fnoicor==0)*1e+007+(fnoicor==1)*2e+007}| : |nfet_06v0_nvt_noic|=|(fnoicor==0)*1e+007+(fnoicor==1)*2e+007|
Netlist line no. 1573:
Undefined parameter [sw_stat_mismatch]
Netlist line no. 1573:
Cannot compute substitute
Netlist line no. 1580:
Undefined parameter [sw_stat_mismatch]
Netlist line no. 1580:
Cannot compute substitute
Netlist line no. 416:
Undefined parameter [nfet_03v3_noia]
Netlist line no. 416:
Cannot compute substitute
Netlist line no. 417:
Undefined parameter [nfet_03v3_noia]
Netlist line no. 417:
Cannot compute substitute
Netlist line no. 418:
Undefined parameter [nfet_03v3_noia]
Netlist line no. 418:
Cannot compute substitute
Netlist line no. 419:
Undefined parameter [nfet_03v3_noia]
Netlist line no. 419:
Cannot compute substitute
Netlist line no. 420:
Undefined parameter [nfet_03v3_noia]
Netlist line no. 420:
Cannot compute substitute
Netlist line no. 421:
Undefined parameter [nfet_03v3_noia]
Netlist line no. 421:
Cannot compute substitute
Netlist line no. 422:
Undefined parameter [nfet_03v3_noia]
Netlist line no. 422:
Cannot compute substitute
Netlist line no. 423:
Undefined parameter [nfet_03v3_noia]
Netlist line no. 423:
Cannot compute substitute
Netlist line no. 424:
Undefined parameter [nfet_03v3_noia]
Netlist line no. 424:
Cannot compute substitute
Netlist line no. 425:
Undefined parameter [nfet_03v3_noia]
Netlist line no. 425:
Cannot compute substitute
Netlist line no. 426:
Undefined parameter [nfet_03v3_noia]
Netlist line no. 426:
Cannot compute substitute
Netlist line no. 427:
Undefined parameter [nfet_03v3_noia]
Netlist line no. 427:
Cannot compute substitute
Netlist line no. 428:
Undefined parameter [nfet_03v3_noia]
Netlist line no. 428:
Cannot compute substitute
Netlist line no. 429:
Undefined parameter [nfet_03v3_noia]
Netlist line no. 429:
Cannot compute substitute
Netlist line no. 430:
Undefined parameter [nfet_03v3_noia]
Netlist line no. 430:
Cannot compute substitute
Netlist line no. 431:
Undefined parameter [nfet_03v3_noia]
Netlist line no. 431:
Cannot compute substitute
Netlist line no. 614:
Undefined parameter [pfet_03v3_noia]
Netlist line no. 614:
Cannot compute substitute
Netlist line no. 615:
Undefined parameter [pfet_03v3_noia]
Netlist line no. 615:
Cannot compute substitute
Netlist line no. 616:
Undefined parameter [pfet_03v3_noia]
Netlist line no. 616:
Cannot compute substitute
Netlist line no. 617:
Undefined parameter [pfet_03v3_noia]
Netlist line no. 617:
Cannot compute substitute
Netlist line no. 618:
Undefined parameter [pfet_03v3_noia]
Netlist line no. 618:
Cannot compute substitute
Netlist line no. 619:
Undefined parameter [pfet_03v3_noia]
Netlist line no. 619:
Cannot compute substitute
Netlist line no. 620:
Undefined parameter [pfet_03v3_noia]
Netlist line no. 620:
Cannot compute substitute
Netlist line no. 621:
Undefined parameter [pfet_03v3_noia]
Netlist line no. 621:
Cannot compute substitute
Netlist line no. 622:
Undefined parameter [pfet_03v3_noia]
Netlist line no. 622:
Cannot compute substitute
Netlist line no. 623:
Undefined parameter [pfet_03v3_noia]
Netlist line no. 623:
Cannot compute substitute
Netlist line no. 624:
Undefined parameter [pfet_03v3_noia]
Netlist line no. 624:
Cannot compute substitute
Netlist line no. 625:
Undefined parameter [pfet_03v3_noia]
Netlist line no. 625:
Cannot compute substitute
Netlist line no. 626:
Undefined parameter [pfet_03v3_noia]
Netlist line no. 626:
Cannot compute substitute
Netlist line no. 627:
Undefined parameter [pfet_03v3_noia]
Netlist line no. 627:
Cannot compute substitute
Netlist line no. 628:
Undefined parameter [pfet_03v3_noia]
Netlist line no. 628:
Cannot compute substitute
Netlist line no. 629:
Undefined parameter [pfet_03v3_noia]
Netlist line no. 629:
Cannot compute substitute

ERROR: fatal error in ngspice, exit(1)
Done with CACE simulations and evaluations in 0:00:01.
