Running parameters: dc_params
Generating simulation netlist from schematic…
Parameter dc_params: Generating simulation files…
Condition vdd not defined
Subprocess exited with error code 10
Error output generated by subprocess:
Using run time directory XSCHEM_SHAREDIR = /home/subhransu/cad/eda-xschem/glnxa64/share/xschem
Sourcing /home/subhransu/cad/eda-xschem/glnxa64/share/xschem/xschemrc init file
Sourcing /home/subhransu/share/pdk/gf180mcuD/libs.tech/xschem/xschemrc init file
pdk installation: using /home/subhransu/share/pdk
180MCU_MODELS: /home/subhransu/share/pdk/gf180mcuD/libs.tech/ngspice
setup_tcp_bespice: success : listening to TCP port: 2022
-----------/home/subhransu/gitRepo/test/runs/RUN_2025-12-08_21-02-35/parameters/dc_params/run_0/tran.sch
Warning: open net: VDD
Warning: open net: VSS
Warning: open net: vin
Warning: open net: #net1
Warning: open net: #net2
Error: undriven node: #net3
Warning: open net: #net4
-----------/home/subhransu/gitRepo/test/xschem/inverter.sch
-----------/home/subhransu/gitRepo/test/runs/RUN_2025-12-08_21-02-35/parameters/dc_params/run_0/tran.sch
Condition vdd not defined
Subprocess exited with error code 10
Error output generated by subprocess:
Using run time directory XSCHEM_SHAREDIR = /home/subhransu/cad/eda-xschem/glnxa64/share/xschem
Sourcing /home/subhransu/cad/eda-xschem/glnxa64/share/xschem/xschemrc init file
Sourcing /home/subhransu/share/pdk/gf180mcuD/libs.tech/xschem/xschemrc init file
pdk installation: using /home/subhransu/share/pdk
180MCU_MODELS: /home/subhransu/share/pdk/gf180mcuD/libs.tech/ngspice
setup_tcp_bespice: success : listening to TCP port: 2022
-----------/home/subhransu/gitRepo/test/runs/RUN_2025-12-08_21-02-35/parameters/dc_params/run_1/tran.sch
Warning: open net: VDD
Warning: open net: VSS
Warning: open net: vin
Warning: open net: #net1
Warning: open net: #net2
Error: undriven node: #net3
Warning: open net: #net4
-----------/home/subhransu/gitRepo/test/xschem/inverter.sch
-----------/home/subhransu/gitRepo/test/runs/RUN_2025-12-08_21-02-35/parameters/dc_params/run_1/tran.sch
Condition vdd not defined
Subprocess exited with error code 10
Error output generated by subprocess:
Using run time directory XSCHEM_SHAREDIR = /home/subhransu/cad/eda-xschem/glnxa64/share/xschem
Sourcing /home/subhransu/cad/eda-xschem/glnxa64/share/xschem/xschemrc init file
Sourcing /home/subhransu/share/pdk/gf180mcuD/libs.tech/xschem/xschemrc init file
pdk installation: using /home/subhransu/share/pdk
180MCU_MODELS: /home/subhransu/share/pdk/gf180mcuD/libs.tech/ngspice
setup_tcp_bespice: success : listening to TCP port: 2022
-----------/home/subhransu/gitRepo/test/runs/RUN_2025-12-08_21-02-35/parameters/dc_params/run_2/tran.sch
Warning: open net: VDD
Warning: open net: VSS
Warning: open net: vin
Warning: open net: #net1
Warning: open net: #net2
Error: undriven node: #net3
Warning: open net: #net4
-----------/home/subhransu/gitRepo/test/xschem/inverter.sch
-----------/home/subhransu/gitRepo/test/runs/RUN_2025-12-08_21-02-35/parameters/dc_params/run_2/tran.sch
Parameter dc_params: Running simulations…
Subprocess exited with error code 1
Error output generated by subprocess:
Subprocess exited with error code 1
Subprocess exited with error code 1
Error opening code model "../lib/ngspice/spice2poly.cm"
Error output generated by subprocess:
Error output generated by subprocess:
: ../lib/ngspice/spice2poly.cm: cannot open shared object file: No such file or directory
Error opening code model "../lib/ngspice/spice2poly.cm"
Error opening code model "../lib/ngspice/spice2poly.cm"
Error: Library ../lib/ngspice/spice2poly.cm couldn't be loaded!
: ../lib/ngspice/spice2poly.cm: cannot open shared object file: No such file or directory
: ../lib/ngspice/spice2poly.cm: cannot open shared object file: No such file or directory
Error opening code model "../lib/ngspice/analog.cm"
Error: Library ../lib/ngspice/spice2poly.cm couldn't be loaded!
Error: Library ../lib/ngspice/spice2poly.cm couldn't be loaded!
: ../lib/ngspice/analog.cm: cannot open shared object file: No such file or directory
Error opening code model "../lib/ngspice/analog.cm"
Error opening code model "../lib/ngspice/analog.cm"
Error: Library ../lib/ngspice/analog.cm couldn't be loaded!
: ../lib/ngspice/analog.cm: cannot open shared object file: No such file or directory
: ../lib/ngspice/analog.cm: cannot open shared object file: No such file or directory
Error opening code model "../lib/ngspice/digital.cm"
Error: Library ../lib/ngspice/analog.cm couldn't be loaded!
Error: Library ../lib/ngspice/analog.cm couldn't be loaded!
: ../lib/ngspice/digital.cm: cannot open shared object file: No such file or directory
Error opening code model "../lib/ngspice/digital.cm"
Error opening code model "../lib/ngspice/digital.cm"
Error: Library ../lib/ngspice/digital.cm couldn't be loaded!
: ../lib/ngspice/digital.cm: cannot open shared object file: No such file or directory
: ../lib/ngspice/digital.cm: cannot open shared object file: No such file or directory
Error opening code model "../lib/ngspice/xtradev.cm"
Error: Library ../lib/ngspice/digital.cm couldn't be loaded!
Error: Library ../lib/ngspice/digital.cm couldn't be loaded!
: ../lib/ngspice/xtradev.cm: cannot open shared object file: No such file or directory
Error opening code model "../lib/ngspice/xtradev.cm"
Error opening code model "../lib/ngspice/xtradev.cm"
Error: Library ../lib/ngspice/xtradev.cm couldn't be loaded!
: ../lib/ngspice/xtradev.cm: cannot open shared object file: No such file or directory
: ../lib/ngspice/xtradev.cm: cannot open shared object file: No such file or directory
Error opening code model "../lib/ngspice/xtraevt.cm"
Error: Library ../lib/ngspice/xtradev.cm couldn't be loaded!
Error: Library ../lib/ngspice/xtradev.cm couldn't be loaded!
: ../lib/ngspice/xtraevt.cm: cannot open shared object file: No such file or directory
Error opening code model "../lib/ngspice/xtraevt.cm"
Error opening code model "../lib/ngspice/xtraevt.cm"
Error: Library ../lib/ngspice/xtraevt.cm couldn't be loaded!
: ../lib/ngspice/xtraevt.cm: cannot open shared object file: No such file or directory
: ../lib/ngspice/xtraevt.cm: cannot open shared object file: No such file or directory
Error opening code model "../lib/ngspice/table.cm"
Error: Library ../lib/ngspice/xtraevt.cm couldn't be loaded!
Error: Library ../lib/ngspice/xtraevt.cm couldn't be loaded!
: ../lib/ngspice/table.cm: cannot open shared object file: No such file or directory
Error opening code model "../lib/ngspice/table.cm"
Error opening code model "../lib/ngspice/table.cm"
Error: Library ../lib/ngspice/table.cm couldn't be loaded!
: ../lib/ngspice/table.cm: cannot open shared object file: No such file or directory
: ../lib/ngspice/table.cm: cannot open shared object file: No such file or directory
ERROR, library file /home/subhransu/share/pdk/gf180mcuD/libs.tech/ngspice/sm141064.ngspice, section definition tt not found
Error: Library ../lib/ngspice/table.cm couldn't be loaded!
Error: Library ../lib/ngspice/table.cm couldn't be loaded!

ERROR, library file /home/subhransu/share/pdk/gf180mcuD/libs.tech/ngspice/sm141064.ngspice, section definition tt not found
ERROR, library file /home/subhransu/share/pdk/gf180mcuD/libs.tech/ngspice/sm141064.ngspice, section definition tt not found
ERROR: fatal error in ngspice, exit(1)


ERROR: fatal error in ngspice, exit(1)
ERROR: fatal error in ngspice, exit(1)
Done with CACE simulations and evaluations in 0:00:01.
