Error opening code model "../lib/ngspice/spice2poly.cm"
: ../lib/ngspice/spice2poly.cm: cannot open shared object file: No such file or directory
Error: Library ../lib/ngspice/spice2poly.cm couldn't be loaded!
Error opening code model "../lib/ngspice/analog.cm"
: ../lib/ngspice/analog.cm: cannot open shared object file: No such file or directory
Error: Library ../lib/ngspice/analog.cm couldn't be loaded!
Error opening code model "../lib/ngspice/digital.cm"
: ../lib/ngspice/digital.cm: cannot open shared object file: No such file or directory
Error: Library ../lib/ngspice/digital.cm couldn't be loaded!
Error opening code model "../lib/ngspice/xtradev.cm"
: ../lib/ngspice/xtradev.cm: cannot open shared object file: No such file or directory
Error: Library ../lib/ngspice/xtradev.cm couldn't be loaded!
Error opening code model "../lib/ngspice/xtraevt.cm"
: ../lib/ngspice/xtraevt.cm: cannot open shared object file: No such file or directory
Error: Library ../lib/ngspice/xtraevt.cm couldn't be loaded!
Error opening code model "../lib/ngspice/table.cm"
: ../lib/ngspice/table.cm: cannot open shared object file: No such file or directory
Error: Library ../lib/ngspice/table.cm couldn't be loaded!
Warning: redefinition of .subckt inverter, ignored
Netlist line no. 399:
Undefined parameter [fnoicor]
Netlist line no. 399:
 Expression err: fnoicor==0)*3.2e+041+(fnoicor==1)*3.5e+042
Netlist line no. 399:
 Expression err: (fnoicor==0)*3.2e+041+(fnoicor==1)*3.5e+042
Netlist line no. 399:
 Formula() error.
      |.param nfet_03v3_noia={(fnoicor==0)*3.2e+041+(fnoicor==1)*3.5e+042}| : |nfet_03v3_noia|=|(fnoicor==0)*3.2e+041+(fnoicor==1)*3.5e+042|
Netlist line no. 399:
Undefined parameter [fnoicor]
Netlist line no. 399:
 Expression err: fnoicor==0)*1.2e+020+(fnoicor==1)*1.2e+020
Netlist line no. 399:
 Expression err: (fnoicor==0)*1.2e+020+(fnoicor==1)*1.2e+020
Netlist line no. 399:
 Formula() error.
      |.param nfet_03v3_noib={(fnoicor==0)*1.2e+020+(fnoicor==1)*1.2e+020}| : |nfet_03v3_noib|=|(fnoicor==0)*1.2e+020+(fnoicor==1)*1.2e+020|
Netlist line no. 399:
Undefined parameter [fnoicor]
Netlist line no. 399:
 Expression err: fnoicor==0)*6.0e+008+(fnoicor==1)*6.0e+008
Netlist line no. 399:
 Expression err: (fnoicor==0)*6.0e+008+(fnoicor==1)*6.0e+008
Netlist line no. 399:
 Formula() error.
      |.param nfet_03v3_noic={(fnoicor==0)*6.0e+008+(fnoicor==1)*6.0e+008}| : |nfet_03v3_noic|=|(fnoicor==0)*6.0e+008+(fnoicor==1)*6.0e+008|
Netlist line no. 399:
Undefined parameter [fnoicor]
Netlist line no. 399:
 Expression err: fnoicor==0)*3.2e+041+(fnoicor==1)*4.0e+042
Netlist line no. 399:
 Expression err: (fnoicor==0)*3.2e+041+(fnoicor==1)*4.0e+042
Netlist line no. 399:
 Formula() error.
      |.param pfet_03v3_noia={(fnoicor==0)*3.2e+041+(fnoicor==1)*4.0e+042}| : |pfet_03v3_noia|=|(fnoicor==0)*3.2e+041+(fnoicor==1)*4.0e+042|
Netlist line no. 399:
Undefined parameter [fnoicor]
Netlist line no. 399:
 Expression err: fnoicor==0)*1.8e+020+(fnoicor==1)*1.8e+020
Netlist line no. 399:
 Expression err: (fnoicor==0)*1.8e+020+(fnoicor==1)*1.8e+020
Netlist line no. 399:
 Formula() error.
      |.param pfet_03v3_noib={(fnoicor==0)*1.8e+020+(fnoicor==1)*1.8e+020}| : |pfet_03v3_noib|=|(fnoicor==0)*1.8e+020+(fnoicor==1)*1.8e+020|
Netlist line no. 399:
Undefined parameter [fnoicor]
Netlist line no. 399:
 Expression err: fnoicor==0)*3.0e+009+(fnoicor==1)*6.0e+009
Netlist line no. 399:
 Expression err: (fnoicor==0)*3.0e+009+(fnoicor==1)*6.0e+009
Netlist line no. 399:
 Formula() error.
      |.param pfet_03v3_noic={(fnoicor==0)*3.0e+009+(fnoicor==1)*6.0e+009}| : |pfet_03v3_noic|=|(fnoicor==0)*3.0e+009+(fnoicor==1)*6.0e+009|
Netlist line no. 399:
Undefined parameter [fnoicor]
Netlist line no. 399:
 Expression err: fnoicor==0)*1.998e+041+(fnoicor==1)*8e+041
Netlist line no. 399:
 Expression err: (fnoicor==0)*1.998e+041+(fnoicor==1)*8e+041
Netlist line no. 399:
 Formula() error.
      |.param nfet_06v0_noia={(fnoicor==0)*1.998e+041+(fnoicor==1)*8e+041}| : |nfet_06v0_noia|=|(fnoicor==0)*1.998e+041+(fnoicor==1)*8e+041|
Netlist line no. 399:
Undefined parameter [fnoicor]
Netlist line no. 399:
 Expression err: fnoicor==0)*1e+025+(fnoicor==1)*4e+025
Netlist line no. 399:
 Expression err: (fnoicor==0)*1e+025+(fnoicor==1)*4e+025
Netlist line no. 399:
 Formula() error.
      |.param nfet_06v0_noib={(fnoicor==0)*1e+025+(fnoicor==1)*4e+025}| : |nfet_06v0_noib|=|(fnoicor==0)*1e+025+(fnoicor==1)*4e+025|
Netlist line no. 399:
Undefined parameter [fnoicor]
Netlist line no. 399:
 Expression err: fnoicor==0)*5e+008+(fnoicor==1)*2e+009
Netlist line no. 399:
 Expression err: (fnoicor==0)*5e+008+(fnoicor==1)*2e+009
Netlist line no. 399:
 Formula() error.
      |.param nfet_06v0_noic={(fnoicor==0)*5e+008+(fnoicor==1)*2e+009}| : |nfet_06v0_noic|=|(fnoicor==0)*5e+008+(fnoicor==1)*2e+009|
Netlist line no. 399:
Undefined parameter [fnoicor]
Netlist line no. 399:
 Expression err: fnoicor==0)*6e+040+(fnoicor==1)*2e+043
Netlist line no. 399:
 Expression err: (fnoicor==0)*6e+040+(fnoicor==1)*2e+043
Netlist line no. 399:
 Formula() error.
      |.param pfet_06v0_noia={(fnoicor==0)*6e+040+(fnoicor==1)*2e+043}| : |pfet_06v0_noia|=|(fnoicor==0)*6e+040+(fnoicor==1)*2e+043|
Netlist line no. 399:
Undefined parameter [fnoicor]
Netlist line no. 399:
 Expression err: fnoicor==0)*1.5945e+025+(fnoicor==1)*1.5945e+025
Netlist line no. 399:
 Expression err: (fnoicor==0)*1.5945e+025+(fnoicor==1)*1.5945e+025
Netlist line no. 399:
 Formula() error.
      |.param pfet_06v0_noib={(fnoicor==0)*1.5945e+025+(fnoicor==1)*1.5945e+025}| : |pfet_06v0_noib|=|(fnoicor==0)*1.5945e+025+(fnoicor==1)*1.5945e+025|
Netlist line no. 399:
Undefined parameter [fnoicor]
Netlist line no. 399:
 Expression err: fnoicor==0)*1.0499e+009+(fnoicor==1)*1.0499e+009
Netlist line no. 399:
 Expression err: (fnoicor==0)*1.0499e+009+(fnoicor==1)*1.0499e+009
Netlist line no. 399:
 Formula() error.
      |.param pfet_06v0_noic={(fnoicor==0)*1.0499e+009+(fnoicor==1)*1.0499e+009}| : |pfet_06v0_noic|=|(fnoicor==0)*1.0499e+009+(fnoicor==1)*1.0499e+009|
Netlist line no. 399:
Undefined parameter [fnoicor]
Netlist line no. 399:
 Expression err: fnoicor==0)*5.5e+040+(fnoicor==1)*1e+041
Netlist line no. 399:
 Expression err: (fnoicor==0)*5.5e+040+(fnoicor==1)*1e+041
Netlist line no. 399:
 Formula() error.
      |.param nfet_06v0_nvt_noia={(fnoicor==0)*5.5e+040+(fnoicor==1)*1e+041}| : |nfet_06v0_nvt_noia|=|(fnoicor==0)*5.5e+040+(fnoicor==1)*1e+041|
Netlist line no. 399:
Undefined parameter [fnoicor]
Netlist line no. 399:
 Expression err: fnoicor==0)*2.5e+025+(fnoicor==1)*9.5e+025
Netlist line no. 399:
 Expression err: (fnoicor==0)*2.5e+025+(fnoicor==1)*9.5e+025
Netlist line no. 399:
 Formula() error.
      |.param nfet_06v0_nvt_noib={(fnoicor==0)*2.5e+025+(fnoicor==1)*9.5e+025}| : |nfet_06v0_nvt_noib|=|(fnoicor==0)*2.5e+025+(fnoicor==1)*9.5e+025|
Netlist line no. 399:
Undefined parameter [fnoicor]
Netlist line no. 399:
 Expression err: fnoicor==0)*1e+007+(fnoicor==1)*2e+007
Netlist line no. 399:
 Expression err: (fnoicor==0)*1e+007+(fnoicor==1)*2e+007
Netlist line no. 399:
 Formula() error.
      |.param nfet_06v0_nvt_noic={(fnoicor==0)*1e+007+(fnoicor==1)*2e+007}| : |nfet_06v0_nvt_noic|=|(fnoicor==0)*1e+007+(fnoicor==1)*2e+007|
Netlist line no. 1573:
Undefined parameter [sw_stat_mismatch]
Netlist line no. 1573:
Cannot compute substitute
Netlist line no. 1580:
Undefined parameter [sw_stat_mismatch]
Netlist line no. 1580:
Cannot compute substitute
Netlist line no. 494:
Undefined parameter [nfet_03v3_noia]
Netlist line no. 494:
Cannot compute substitute
Netlist line no. 495:
Undefined parameter [nfet_03v3_noia]
Netlist line no. 495:
Cannot compute substitute
Netlist line no. 496:
Undefined parameter [nfet_03v3_noia]
Netlist line no. 496:
Cannot compute substitute
Netlist line no. 497:
Undefined parameter [nfet_03v3_noia]
Netlist line no. 497:
Cannot compute substitute
Netlist line no. 498:
Undefined parameter [nfet_03v3_noia]
Netlist line no. 498:
Cannot compute substitute
Netlist line no. 499:
Undefined parameter [nfet_03v3_noia]
Netlist line no. 499:
Cannot compute substitute
Netlist line no. 500:
Undefined parameter [nfet_03v3_noia]
Netlist line no. 500:
Cannot compute substitute
Netlist line no. 501:
Undefined parameter [nfet_03v3_noia]
Netlist line no. 501:
Cannot compute substitute
Netlist line no. 502:
Undefined parameter [nfet_03v3_noia]
Netlist line no. 502:
Cannot compute substitute
Netlist line no. 503:
Undefined parameter [nfet_03v3_noia]
Netlist line no. 503:
Cannot compute substitute
Netlist line no. 504:
Undefined parameter [nfet_03v3_noia]
Netlist line no. 504:
Cannot compute substitute
Netlist line no. 505:
Undefined parameter [nfet_03v3_noia]
Netlist line no. 505:
Cannot compute substitute
Netlist line no. 506:
Undefined parameter [nfet_03v3_noia]
Netlist line no. 506:
Cannot compute substitute
Netlist line no. 507:
Undefined parameter [nfet_03v3_noia]
Netlist line no. 507:
Cannot compute substitute
Netlist line no. 508:
Undefined parameter [nfet_03v3_noia]
Netlist line no. 508:
Cannot compute substitute
Netlist line no. 509:
Undefined parameter [nfet_03v3_noia]
Netlist line no. 509:
Cannot compute substitute
Netlist line no. 692:
Undefined parameter [pfet_03v3_noia]
Netlist line no. 692:
Cannot compute substitute
Netlist line no. 693:
Undefined parameter [pfet_03v3_noia]
Netlist line no. 693:
Cannot compute substitute
Netlist line no. 694:
Undefined parameter [pfet_03v3_noia]
Netlist line no. 694:
Cannot compute substitute
Netlist line no. 695:
Undefined parameter [pfet_03v3_noia]
Netlist line no. 695:
Cannot compute substitute
Netlist line no. 696:
Undefined parameter [pfet_03v3_noia]
Netlist line no. 696:
Cannot compute substitute
Netlist line no. 697:
Undefined parameter [pfet_03v3_noia]
Netlist line no. 697:
Cannot compute substitute
Netlist line no. 698:
Undefined parameter [pfet_03v3_noia]
Netlist line no. 698:
Cannot compute substitute
Netlist line no. 699:
Undefined parameter [pfet_03v3_noia]
Netlist line no. 699:
Cannot compute substitute
Netlist line no. 700:
Undefined parameter [pfet_03v3_noia]
Netlist line no. 700:
Cannot compute substitute
Netlist line no. 701:
Undefined parameter [pfet_03v3_noia]
Netlist line no. 701:
Cannot compute substitute
Netlist line no. 702:
Undefined parameter [pfet_03v3_noia]
Netlist line no. 702:
Cannot compute substitute
Netlist line no. 703:
Undefined parameter [pfet_03v3_noia]
Netlist line no. 703:
Cannot compute substitute
Netlist line no. 704:
Undefined parameter [pfet_03v3_noia]
Netlist line no. 704:
Cannot compute substitute
Netlist line no. 705:
Undefined parameter [pfet_03v3_noia]
Netlist line no. 705:
Cannot compute substitute
Netlist line no. 706:
Undefined parameter [pfet_03v3_noia]
Netlist line no. 706:
Cannot compute substitute
Netlist line no. 707:
Undefined parameter [pfet_03v3_noia]
Netlist line no. 707:
Cannot compute substitute

ERROR: fatal error in ngspice, exit(1)
