Subprocess exited with error code 1
Subprocess exited with error code 1
Error output generated by subprocess:
Error output generated by subprocess:
Error opening code model "../lib/ngspice/spice2poly.cm"
Error opening code model "../lib/ngspice/spice2poly.cm"
: ../lib/ngspice/spice2poly.cm: cannot open shared object file: No such file or directory
: ../lib/ngspice/spice2poly.cm: cannot open shared object file: No such file or directory
Error: Library ../lib/ngspice/spice2poly.cm couldn't be loaded!
Error: Library ../lib/ngspice/spice2poly.cm couldn't be loaded!
Error opening code model "../lib/ngspice/analog.cm"
Error opening code model "../lib/ngspice/analog.cm"
: ../lib/ngspice/analog.cm: cannot open shared object file: No such file or directory
: ../lib/ngspice/analog.cm: cannot open shared object file: No such file or directory
Error: Library ../lib/ngspice/analog.cm couldn't be loaded!
Error: Library ../lib/ngspice/analog.cm couldn't be loaded!
Error opening code model "../lib/ngspice/digital.cm"
Error opening code model "../lib/ngspice/digital.cm"
: ../lib/ngspice/digital.cm: cannot open shared object file: No such file or directory
: ../lib/ngspice/digital.cm: cannot open shared object file: No such file or directory
Error: Library ../lib/ngspice/digital.cm couldn't be loaded!
Error: Library ../lib/ngspice/digital.cm couldn't be loaded!
Error opening code model "../lib/ngspice/xtradev.cm"
Error opening code model "../lib/ngspice/xtradev.cm"
: ../lib/ngspice/xtradev.cm: cannot open shared object file: No such file or directory
: ../lib/ngspice/xtradev.cm: cannot open shared object file: No such file or directory
Error: Library ../lib/ngspice/xtradev.cm couldn't be loaded!
Error: Library ../lib/ngspice/xtradev.cm couldn't be loaded!
Error opening code model "../lib/ngspice/xtraevt.cm"
Error opening code model "../lib/ngspice/xtraevt.cm"
: ../lib/ngspice/xtraevt.cm: cannot open shared object file: No such file or directory
: ../lib/ngspice/xtraevt.cm: cannot open shared object file: No such file or directory
Error: Library ../lib/ngspice/xtraevt.cm couldn't be loaded!
Error: Library ../lib/ngspice/xtraevt.cm couldn't be loaded!
Error opening code model "../lib/ngspice/table.cm"
Error opening code model "../lib/ngspice/table.cm"
: ../lib/ngspice/table.cm: cannot open shared object file: No such file or directory
: ../lib/ngspice/table.cm: cannot open shared object file: No such file or directory
Error: Library ../lib/ngspice/table.cm couldn't be loaded!
Error: Library ../lib/ngspice/table.cm couldn't be loaded!
Warning: redefinition of .subckt inverter, ignored
ERROR, library file /home/subhransu/share/pdk/gf180mcuD/libs.tech/ngspice/sm141064.ngspice, section definition tt not found
Netlist line no. 399:

Undefined parameter [fnoicor]
ERROR: fatal error in ngspice, exit(1)
Netlist line no. 399:
 Expression err: fnoicor==0)*3.2e+041+(fnoicor==1)*3.5e+042
Netlist line no. 399:
 Expression err: (fnoicor==0)*3.2e+041+(fnoicor==1)*3.5e+042
Netlist line no. 399:
 Formula() error.
      |.param nfet_03v3_noia={(fnoicor==0)*3.2e+041+(fnoicor==1)*3.5e+042}| : |nfet_03v3_noia|=|(fnoicor==0)*3.2e+041+(fnoicor==1)*3.5e+042|
Netlist line no. 399:
Undefined parameter [fnoicor]
Netlist line no. 399:
 Expression err: fnoicor==0)*1.2e+020+(fnoicor==1)*1.2e+020
Netlist line no. 399:
 Expression err: (fnoicor==0)*1.2e+020+(fnoicor==1)*1.2e+020
Netlist line no. 399:
 Formula() error.
      |.param nfet_03v3_noib={(fnoicor==0)*1.2e+020+(fnoicor==1)*1.2e+020}| : |nfet_03v3_noib|=|(fnoicor==0)*1.2e+020+(fnoicor==1)*1.2e+020|
Netlist line no. 399:
Undefined parameter [fnoicor]
Netlist line no. 399:
 Expression err: fnoicor==0)*6.0e+008+(fnoicor==1)*6.0e+008
Netlist line no. 399:
 Expression err: (fnoicor==0)*6.0e+008+(fnoicor==1)*6.0e+008
Netlist line no. 399:
 Formula() error.
      |.param nfet_03v3_noic={(fnoicor==0)*6.0e+008+(fnoicor==1)*6.0e+008}| : |nfet_03v3_noic|=|(fnoicor==0)*6.0e+008+(fnoicor==1)*6.0e+008|
Subprocess exited with error code 1
Netlist line no. 399:
Error output generated by subprocess:
Undefined parameter [fnoicor]
Error opening code model "../lib/ngspice/spice2poly.cm"
Netlist line no. 399:
: ../lib/ngspice/spice2poly.cm: cannot open shared object file: No such file or directory
 Expression err: fnoicor==0)*3.2e+041+(fnoicor==1)*4.0e+042
Error: Library ../lib/ngspice/spice2poly.cm couldn't be loaded!
Netlist line no. 399:
Error opening code model "../lib/ngspice/analog.cm"
 Expression err: (fnoicor==0)*3.2e+041+(fnoicor==1)*4.0e+042
: ../lib/ngspice/analog.cm: cannot open shared object file: No such file or directory
Netlist line no. 399:
Error: Library ../lib/ngspice/analog.cm couldn't be loaded!
 Formula() error.
Error opening code model "../lib/ngspice/digital.cm"
      |.param pfet_03v3_noia={(fnoicor==0)*3.2e+041+(fnoicor==1)*4.0e+042}| : |pfet_03v3_noia|=|(fnoicor==0)*3.2e+041+(fnoicor==1)*4.0e+042|
: ../lib/ngspice/digital.cm: cannot open shared object file: No such file or directory
Netlist line no. 399:
Error: Library ../lib/ngspice/digital.cm couldn't be loaded!
Undefined parameter [fnoicor]
Error opening code model "../lib/ngspice/xtradev.cm"
Netlist line no. 399:
: ../lib/ngspice/xtradev.cm: cannot open shared object file: No such file or directory
 Expression err: fnoicor==0)*1.8e+020+(fnoicor==1)*1.8e+020
Error: Library ../lib/ngspice/xtradev.cm couldn't be loaded!
Netlist line no. 399:
Error opening code model "../lib/ngspice/xtraevt.cm"
 Expression err: (fnoicor==0)*1.8e+020+(fnoicor==1)*1.8e+020
: ../lib/ngspice/xtraevt.cm: cannot open shared object file: No such file or directory
Netlist line no. 399:
Error: Library ../lib/ngspice/xtraevt.cm couldn't be loaded!
 Formula() error.
Error opening code model "../lib/ngspice/table.cm"
      |.param pfet_03v3_noib={(fnoicor==0)*1.8e+020+(fnoicor==1)*1.8e+020}| : |pfet_03v3_noib|=|(fnoicor==0)*1.8e+020+(fnoicor==1)*1.8e+020|
: ../lib/ngspice/table.cm: cannot open shared object file: No such file or directory
Netlist line no. 399:
Error: Library ../lib/ngspice/table.cm couldn't be loaded!
Undefined parameter [fnoicor]
Warning: redefinition of .subckt inverter, ignored
Netlist line no. 399:
Netlist line no. 399:
 Expression err: fnoicor==0)*3.0e+009+(fnoicor==1)*6.0e+009
Undefined parameter [fnoicor]
Netlist line no. 399:
Netlist line no. 399:
 Expression err: (fnoicor==0)*3.0e+009+(fnoicor==1)*6.0e+009
 Expression err: fnoicor==0)*3.2e+041+(fnoicor==1)*3.5e+042
Netlist line no. 399:
Netlist line no. 399:
 Formula() error.
 Expression err: (fnoicor==0)*3.2e+041+(fnoicor==1)*3.5e+042
      |.param pfet_03v3_noic={(fnoicor==0)*3.0e+009+(fnoicor==1)*6.0e+009}| : |pfet_03v3_noic|=|(fnoicor==0)*3.0e+009+(fnoicor==1)*6.0e+009|
Netlist line no. 399:
Netlist line no. 399:
 Formula() error.
Undefined parameter [fnoicor]
      |.param nfet_03v3_noia={(fnoicor==0)*3.2e+041+(fnoicor==1)*3.5e+042}| : |nfet_03v3_noia|=|(fnoicor==0)*3.2e+041+(fnoicor==1)*3.5e+042|
Netlist line no. 399:
Netlist line no. 399:
 Expression err: fnoicor==0)*1.998e+041+(fnoicor==1)*8e+041
Undefined parameter [fnoicor]
Netlist line no. 399:
Netlist line no. 399:
 Expression err: (fnoicor==0)*1.998e+041+(fnoicor==1)*8e+041
 Expression err: fnoicor==0)*1.2e+020+(fnoicor==1)*1.2e+020
Netlist line no. 399:
Netlist line no. 399:
 Formula() error.
 Expression err: (fnoicor==0)*1.2e+020+(fnoicor==1)*1.2e+020
      |.param nfet_06v0_noia={(fnoicor==0)*1.998e+041+(fnoicor==1)*8e+041}| : |nfet_06v0_noia|=|(fnoicor==0)*1.998e+041+(fnoicor==1)*8e+041|
Netlist line no. 399:
Netlist line no. 399:
 Formula() error.
Undefined parameter [fnoicor]
      |.param nfet_03v3_noib={(fnoicor==0)*1.2e+020+(fnoicor==1)*1.2e+020}| : |nfet_03v3_noib|=|(fnoicor==0)*1.2e+020+(fnoicor==1)*1.2e+020|
Netlist line no. 399:
Netlist line no. 399:
 Expression err: fnoicor==0)*1e+025+(fnoicor==1)*4e+025
Undefined parameter [fnoicor]
Netlist line no. 399:
Netlist line no. 399:
 Expression err: (fnoicor==0)*1e+025+(fnoicor==1)*4e+025
 Expression err: fnoicor==0)*6.0e+008+(fnoicor==1)*6.0e+008
Netlist line no. 399:
Netlist line no. 399:
 Formula() error.
 Expression err: (fnoicor==0)*6.0e+008+(fnoicor==1)*6.0e+008
      |.param nfet_06v0_noib={(fnoicor==0)*1e+025+(fnoicor==1)*4e+025}| : |nfet_06v0_noib|=|(fnoicor==0)*1e+025+(fnoicor==1)*4e+025|
Netlist line no. 399:
Netlist line no. 399:
 Formula() error.
Undefined parameter [fnoicor]
      |.param nfet_03v3_noic={(fnoicor==0)*6.0e+008+(fnoicor==1)*6.0e+008}| : |nfet_03v3_noic|=|(fnoicor==0)*6.0e+008+(fnoicor==1)*6.0e+008|
Netlist line no. 399:
Netlist line no. 399:
 Expression err: fnoicor==0)*5e+008+(fnoicor==1)*2e+009
Undefined parameter [fnoicor]
Netlist line no. 399:
Netlist line no. 399:
 Expression err: (fnoicor==0)*5e+008+(fnoicor==1)*2e+009
 Expression err: fnoicor==0)*3.2e+041+(fnoicor==1)*4.0e+042
Netlist line no. 399:
Netlist line no. 399:
 Formula() error.
 Expression err: (fnoicor==0)*3.2e+041+(fnoicor==1)*4.0e+042
      |.param nfet_06v0_noic={(fnoicor==0)*5e+008+(fnoicor==1)*2e+009}| : |nfet_06v0_noic|=|(fnoicor==0)*5e+008+(fnoicor==1)*2e+009|
Netlist line no. 399:
Netlist line no. 399:
 Formula() error.
Undefined parameter [fnoicor]
      |.param pfet_03v3_noia={(fnoicor==0)*3.2e+041+(fnoicor==1)*4.0e+042}| : |pfet_03v3_noia|=|(fnoicor==0)*3.2e+041+(fnoicor==1)*4.0e+042|
Netlist line no. 399:
Netlist line no. 399:
 Expression err: fnoicor==0)*6e+040+(fnoicor==1)*2e+043
Undefined parameter [fnoicor]
Netlist line no. 399:
Netlist line no. 399:
 Expression err: (fnoicor==0)*6e+040+(fnoicor==1)*2e+043
 Expression err: fnoicor==0)*1.8e+020+(fnoicor==1)*1.8e+020
Netlist line no. 399:
Netlist line no. 399:
 Formula() error.
 Expression err: (fnoicor==0)*1.8e+020+(fnoicor==1)*1.8e+020
      |.param pfet_06v0_noia={(fnoicor==0)*6e+040+(fnoicor==1)*2e+043}| : |pfet_06v0_noia|=|(fnoicor==0)*6e+040+(fnoicor==1)*2e+043|
Netlist line no. 399:
Netlist line no. 399:
 Formula() error.
Undefined parameter [fnoicor]
      |.param pfet_03v3_noib={(fnoicor==0)*1.8e+020+(fnoicor==1)*1.8e+020}| : |pfet_03v3_noib|=|(fnoicor==0)*1.8e+020+(fnoicor==1)*1.8e+020|
Netlist line no. 399:
Netlist line no. 399:
 Expression err: fnoicor==0)*1.5945e+025+(fnoicor==1)*1.5945e+025
Undefined parameter [fnoicor]
Netlist line no. 399:
Netlist line no. 399:
 Expression err: (fnoicor==0)*1.5945e+025+(fnoicor==1)*1.5945e+025
 Expression err: fnoicor==0)*3.0e+009+(fnoicor==1)*6.0e+009
Netlist line no. 399:
Netlist line no. 399:
 Formula() error.
 Expression err: (fnoicor==0)*3.0e+009+(fnoicor==1)*6.0e+009
      |.param pfet_06v0_noib={(fnoicor==0)*1.5945e+025+(fnoicor==1)*1.5945e+025}| : |pfet_06v0_noib|=|(fnoicor==0)*1.5945e+025+(fnoicor==1)*1.5945e+025|
Netlist line no. 399:
Netlist line no. 399:
 Formula() error.
Undefined parameter [fnoicor]
      |.param pfet_03v3_noic={(fnoicor==0)*3.0e+009+(fnoicor==1)*6.0e+009}| : |pfet_03v3_noic|=|(fnoicor==0)*3.0e+009+(fnoicor==1)*6.0e+009|
Netlist line no. 399:
Netlist line no. 399:
 Expression err: fnoicor==0)*1.0499e+009+(fnoicor==1)*1.0499e+009
Undefined parameter [fnoicor]
Netlist line no. 399:
Netlist line no. 399:
 Expression err: (fnoicor==0)*1.0499e+009+(fnoicor==1)*1.0499e+009
 Expression err: fnoicor==0)*1.998e+041+(fnoicor==1)*8e+041
Netlist line no. 399:
Netlist line no. 399:
 Formula() error.
 Expression err: (fnoicor==0)*1.998e+041+(fnoicor==1)*8e+041
      |.param pfet_06v0_noic={(fnoicor==0)*1.0499e+009+(fnoicor==1)*1.0499e+009}| : |pfet_06v0_noic|=|(fnoicor==0)*1.0499e+009+(fnoicor==1)*1.0499e+009|
Netlist line no. 399:
Netlist line no. 399:
 Formula() error.
Undefined parameter [fnoicor]
      |.param nfet_06v0_noia={(fnoicor==0)*1.998e+041+(fnoicor==1)*8e+041}| : |nfet_06v0_noia|=|(fnoicor==0)*1.998e+041+(fnoicor==1)*8e+041|
Netlist line no. 399:
Netlist line no. 399:
 Expression err: fnoicor==0)*5.5e+040+(fnoicor==1)*1e+041
Undefined parameter [fnoicor]
Netlist line no. 399:
Netlist line no. 399:
 Expression err: (fnoicor==0)*5.5e+040+(fnoicor==1)*1e+041
 Expression err: fnoicor==0)*1e+025+(fnoicor==1)*4e+025
Netlist line no. 399:
Netlist line no. 399:
 Formula() error.
 Expression err: (fnoicor==0)*1e+025+(fnoicor==1)*4e+025
      |.param nfet_06v0_nvt_noia={(fnoicor==0)*5.5e+040+(fnoicor==1)*1e+041}| : |nfet_06v0_nvt_noia|=|(fnoicor==0)*5.5e+040+(fnoicor==1)*1e+041|
Netlist line no. 399:
Netlist line no. 399:
 Formula() error.
Undefined parameter [fnoicor]
      |.param nfet_06v0_noib={(fnoicor==0)*1e+025+(fnoicor==1)*4e+025}| : |nfet_06v0_noib|=|(fnoicor==0)*1e+025+(fnoicor==1)*4e+025|
Netlist line no. 399:
Netlist line no. 399:
 Expression err: fnoicor==0)*2.5e+025+(fnoicor==1)*9.5e+025
Undefined parameter [fnoicor]
Netlist line no. 399:
Netlist line no. 399:
 Expression err: (fnoicor==0)*2.5e+025+(fnoicor==1)*9.5e+025
 Expression err: fnoicor==0)*5e+008+(fnoicor==1)*2e+009
Netlist line no. 399:
Netlist line no. 399:
 Formula() error.
 Expression err: (fnoicor==0)*5e+008+(fnoicor==1)*2e+009
      |.param nfet_06v0_nvt_noib={(fnoicor==0)*2.5e+025+(fnoicor==1)*9.5e+025}| : |nfet_06v0_nvt_noib|=|(fnoicor==0)*2.5e+025+(fnoicor==1)*9.5e+025|
Netlist line no. 399:
Netlist line no. 399:
 Formula() error.
Undefined parameter [fnoicor]
      |.param nfet_06v0_noic={(fnoicor==0)*5e+008+(fnoicor==1)*2e+009}| : |nfet_06v0_noic|=|(fnoicor==0)*5e+008+(fnoicor==1)*2e+009|
Netlist line no. 399:
Netlist line no. 399:
 Expression err: fnoicor==0)*1e+007+(fnoicor==1)*2e+007
Undefined parameter [fnoicor]
Netlist line no. 399:
Netlist line no. 399:
 Expression err: (fnoicor==0)*1e+007+(fnoicor==1)*2e+007
 Expression err: fnoicor==0)*6e+040+(fnoicor==1)*2e+043
Netlist line no. 399:
Netlist line no. 399:
 Formula() error.
 Expression err: (fnoicor==0)*6e+040+(fnoicor==1)*2e+043
      |.param nfet_06v0_nvt_noic={(fnoicor==0)*1e+007+(fnoicor==1)*2e+007}| : |nfet_06v0_nvt_noic|=|(fnoicor==0)*1e+007+(fnoicor==1)*2e+007|
Netlist line no. 399:
Netlist line no. 1573:
 Formula() error.
Undefined parameter [sw_stat_mismatch]
      |.param pfet_06v0_noia={(fnoicor==0)*6e+040+(fnoicor==1)*2e+043}| : |pfet_06v0_noia|=|(fnoicor==0)*6e+040+(fnoicor==1)*2e+043|
Netlist line no. 1573:
Netlist line no. 399:
Cannot compute substitute
Undefined parameter [fnoicor]
Netlist line no. 1580:
Netlist line no. 399:
Undefined parameter [sw_stat_mismatch]
 Expression err: fnoicor==0)*1.5945e+025+(fnoicor==1)*1.5945e+025
Netlist line no. 1580:
Netlist line no. 399:
Cannot compute substitute
 Expression err: (fnoicor==0)*1.5945e+025+(fnoicor==1)*1.5945e+025
Netlist line no. 494:
Netlist line no. 399:
Undefined parameter [nfet_03v3_noia]
 Formula() error.
Netlist line no. 494:
      |.param pfet_06v0_noib={(fnoicor==0)*1.5945e+025+(fnoicor==1)*1.5945e+025}| : |pfet_06v0_noib|=|(fnoicor==0)*1.5945e+025+(fnoicor==1)*1.5945e+025|
Cannot compute substitute
Netlist line no. 399:
Netlist line no. 495:
Undefined parameter [fnoicor]
Undefined parameter [nfet_03v3_noia]
Netlist line no. 399:
Netlist line no. 495:
 Expression err: fnoicor==0)*1.0499e+009+(fnoicor==1)*1.0499e+009
Cannot compute substitute
Netlist line no. 399:
Netlist line no. 496:
 Expression err: (fnoicor==0)*1.0499e+009+(fnoicor==1)*1.0499e+009
Undefined parameter [nfet_03v3_noia]
Netlist line no. 399:
Netlist line no. 496:
 Formula() error.
Cannot compute substitute
      |.param pfet_06v0_noic={(fnoicor==0)*1.0499e+009+(fnoicor==1)*1.0499e+009}| : |pfet_06v0_noic|=|(fnoicor==0)*1.0499e+009+(fnoicor==1)*1.0499e+009|
Netlist line no. 497:
Netlist line no. 399:
Undefined parameter [nfet_03v3_noia]
Undefined parameter [fnoicor]
Netlist line no. 497:
Cannot compute substitute
Netlist line no. 399:
Netlist line no. 498:
 Expression err: fnoicor==0)*5.5e+040+(fnoicor==1)*1e+041
Undefined parameter [nfet_03v3_noia]
Netlist line no. 399:
Netlist line no. 498:
 Expression err: (fnoicor==0)*5.5e+040+(fnoicor==1)*1e+041
Cannot compute substitute
Netlist line no. 399:
Netlist line no. 499:
 Formula() error.
Undefined parameter [nfet_03v3_noia]
      |.param nfet_06v0_nvt_noia={(fnoicor==0)*5.5e+040+(fnoicor==1)*1e+041}| : |nfet_06v0_nvt_noia|=|(fnoicor==0)*5.5e+040+(fnoicor==1)*1e+041|
Netlist line no. 499:
Netlist line no. 399:
Cannot compute substitute
Undefined parameter [fnoicor]
Netlist line no. 500:
Netlist line no. 399:
Undefined parameter [nfet_03v3_noia]
 Expression err: fnoicor==0)*2.5e+025+(fnoicor==1)*9.5e+025
Netlist line no. 500:
Netlist line no. 399:
Cannot compute substitute
 Expression err: (fnoicor==0)*2.5e+025+(fnoicor==1)*9.5e+025
Netlist line no. 501:
Netlist line no. 399:
Undefined parameter [nfet_03v3_noia]
 Formula() error.
Netlist line no. 501:
      |.param nfet_06v0_nvt_noib={(fnoicor==0)*2.5e+025+(fnoicor==1)*9.5e+025}| : |nfet_06v0_nvt_noib|=|(fnoicor==0)*2.5e+025+(fnoicor==1)*9.5e+025|
Cannot compute substitute
Netlist line no. 399:
Netlist line no. 502:
Undefined parameter [fnoicor]
Undefined parameter [nfet_03v3_noia]
Netlist line no. 399:
Netlist line no. 502:
 Expression err: fnoicor==0)*1e+007+(fnoicor==1)*2e+007
Cannot compute substitute
Netlist line no. 399:
Netlist line no. 503:
 Expression err: (fnoicor==0)*1e+007+(fnoicor==1)*2e+007
Undefined parameter [nfet_03v3_noia]
Netlist line no. 399:
Netlist line no. 503:
 Formula() error.
Cannot compute substitute
      |.param nfet_06v0_nvt_noic={(fnoicor==0)*1e+007+(fnoicor==1)*2e+007}| : |nfet_06v0_nvt_noic|=|(fnoicor==0)*1e+007+(fnoicor==1)*2e+007|
Netlist line no. 504:
Netlist line no. 1573:
Undefined parameter [nfet_03v3_noia]
Undefined parameter [sw_stat_mismatch]
Netlist line no. 504:
Netlist line no. 1573:
Cannot compute substitute
Cannot compute substitute
Netlist line no. 505:
Netlist line no. 1580:
Undefined parameter [nfet_03v3_noia]
Undefined parameter [sw_stat_mismatch]
Netlist line no. 505:
Netlist line no. 1580:
Cannot compute substitute
Cannot compute substitute
Netlist line no. 506:
Netlist line no. 455:
Undefined parameter [nfet_03v3_noia]
Undefined parameter [nfet_03v3_noia]
Netlist line no. 506:
Netlist line no. 455:
Cannot compute substitute
Cannot compute substitute
Netlist line no. 507:
Netlist line no. 456:
Undefined parameter [nfet_03v3_noia]
Undefined parameter [nfet_03v3_noia]
Netlist line no. 507:
Netlist line no. 456:
Cannot compute substitute
Cannot compute substitute
Netlist line no. 508:
Netlist line no. 457:
Undefined parameter [nfet_03v3_noia]
Undefined parameter [nfet_03v3_noia]
Netlist line no. 508:
Netlist line no. 457:
Cannot compute substitute
Cannot compute substitute
Netlist line no. 509:
Netlist line no. 458:
Undefined parameter [nfet_03v3_noia]
Undefined parameter [nfet_03v3_noia]
Netlist line no. 509:
Netlist line no. 458:
Cannot compute substitute
Cannot compute substitute
Netlist line no. 692:
Netlist line no. 459:
Undefined parameter [pfet_03v3_noia]
Undefined parameter [nfet_03v3_noia]
Netlist line no. 692:
Netlist line no. 459:
Cannot compute substitute
Cannot compute substitute
Netlist line no. 693:
Netlist line no. 460:
Undefined parameter [pfet_03v3_noia]
Undefined parameter [nfet_03v3_noia]
Netlist line no. 693:
Netlist line no. 460:
Cannot compute substitute
Cannot compute substitute
Netlist line no. 694:
Netlist line no. 461:
Undefined parameter [pfet_03v3_noia]
Undefined parameter [nfet_03v3_noia]
Netlist line no. 694:
Netlist line no. 461:
Cannot compute substitute
Cannot compute substitute
Netlist line no. 695:
Netlist line no. 462:
Undefined parameter [pfet_03v3_noia]
Undefined parameter [nfet_03v3_noia]
Netlist line no. 695:
Netlist line no. 462:
Cannot compute substitute
Cannot compute substitute
Netlist line no. 696:
Netlist line no. 463:
Undefined parameter [pfet_03v3_noia]
Undefined parameter [nfet_03v3_noia]
Netlist line no. 696:
Netlist line no. 463:
Cannot compute substitute
Cannot compute substitute
Netlist line no. 697:
Netlist line no. 464:
Undefined parameter [pfet_03v3_noia]
Undefined parameter [nfet_03v3_noia]
Netlist line no. 697:
Netlist line no. 464:
Cannot compute substitute
Cannot compute substitute
Netlist line no. 698:
Netlist line no. 465:
Undefined parameter [pfet_03v3_noia]
Undefined parameter [nfet_03v3_noia]
Netlist line no. 698:
Netlist line no. 465:
Cannot compute substitute
Cannot compute substitute
Netlist line no. 699:
Netlist line no. 466:
Undefined parameter [pfet_03v3_noia]
Undefined parameter [nfet_03v3_noia]
Netlist line no. 699:
Netlist line no. 466:
Cannot compute substitute
Cannot compute substitute
Netlist line no. 700:
Netlist line no. 467:
Undefined parameter [pfet_03v3_noia]
Undefined parameter [nfet_03v3_noia]
Netlist line no. 700:
Netlist line no. 467:
Cannot compute substitute
Cannot compute substitute
Netlist line no. 701:
Netlist line no. 468:
Undefined parameter [pfet_03v3_noia]
Undefined parameter [nfet_03v3_noia]
Netlist line no. 701:
Netlist line no. 468:
Cannot compute substitute
Cannot compute substitute
Netlist line no. 702:
Netlist line no. 469:
Undefined parameter [pfet_03v3_noia]
Undefined parameter [nfet_03v3_noia]
Netlist line no. 702:
Netlist line no. 469:
Cannot compute substitute
Cannot compute substitute
Netlist line no. 703:
Netlist line no. 470:
Undefined parameter [pfet_03v3_noia]
Undefined parameter [nfet_03v3_noia]
Netlist line no. 703:
Netlist line no. 470:
Cannot compute substitute
Cannot compute substitute
Netlist line no. 704:
Netlist line no. 653:
Undefined parameter [pfet_03v3_noia]
Undefined parameter [pfet_03v3_noia]
Netlist line no. 704:
Netlist line no. 653:
Cannot compute substitute
Cannot compute substitute
Netlist line no. 705:
Netlist line no. 654:
Undefined parameter [pfet_03v3_noia]
Undefined parameter [pfet_03v3_noia]
Netlist line no. 705:
Netlist line no. 654:
Cannot compute substitute
Cannot compute substitute
Netlist line no. 706:
Netlist line no. 655:
Undefined parameter [pfet_03v3_noia]
Undefined parameter [pfet_03v3_noia]
Netlist line no. 706:
Netlist line no. 655:
Cannot compute substitute
Cannot compute substitute
Netlist line no. 707:
Netlist line no. 656:
Undefined parameter [pfet_03v3_noia]
Undefined parameter [pfet_03v3_noia]
Netlist line no. 707:
Netlist line no. 656:
Cannot compute substitute
Cannot compute substitute

Netlist line no. 657:
ERROR: fatal error in ngspice, exit(1)
Undefined parameter [pfet_03v3_noia]
Netlist line no. 657:
Cannot compute substitute
Netlist line no. 658:
Undefined parameter [pfet_03v3_noia]
Netlist line no. 658:
Cannot compute substitute
Netlist line no. 659:
Undefined parameter [pfet_03v3_noia]
Netlist line no. 659:
Cannot compute substitute
Netlist line no. 660:
Undefined parameter [pfet_03v3_noia]
Netlist line no. 660:
Cannot compute substitute
Netlist line no. 661:
Undefined parameter [pfet_03v3_noia]
Netlist line no. 661:
Cannot compute substitute
Netlist line no. 662:
Undefined parameter [pfet_03v3_noia]
Netlist line no. 662:
Cannot compute substitute
Netlist line no. 663:
Undefined parameter [pfet_03v3_noia]
Netlist line no. 663:
Subprocess exited with error code 1
Cannot compute substitute
Error output generated by subprocess:
Netlist line no. 664:
Error opening code model "../lib/ngspice/spice2poly.cm"
Undefined parameter [pfet_03v3_noia]
: ../lib/ngspice/spice2poly.cm: cannot open shared object file: No such file or directory
Netlist line no. 664:
Error: Library ../lib/ngspice/spice2poly.cm couldn't be loaded!
Cannot compute substitute
Error opening code model "../lib/ngspice/analog.cm"
Netlist line no. 665:
: ../lib/ngspice/analog.cm: cannot open shared object file: No such file or directory
Undefined parameter [pfet_03v3_noia]
Error: Library ../lib/ngspice/analog.cm couldn't be loaded!
Netlist line no. 665:
Error opening code model "../lib/ngspice/digital.cm"
Cannot compute substitute
: ../lib/ngspice/digital.cm: cannot open shared object file: No such file or directory
Netlist line no. 666:
Error: Library ../lib/ngspice/digital.cm couldn't be loaded!
Undefined parameter [pfet_03v3_noia]
Error opening code model "../lib/ngspice/xtradev.cm"
Netlist line no. 666:
: ../lib/ngspice/xtradev.cm: cannot open shared object file: No such file or directory
Cannot compute substitute
Error: Library ../lib/ngspice/xtradev.cm couldn't be loaded!
Netlist line no. 667:
Error opening code model "../lib/ngspice/xtraevt.cm"
Undefined parameter [pfet_03v3_noia]
: ../lib/ngspice/xtraevt.cm: cannot open shared object file: No such file or directory
Netlist line no. 667:
Error: Library ../lib/ngspice/xtraevt.cm couldn't be loaded!
Cannot compute substitute
Error opening code model "../lib/ngspice/table.cm"
Netlist line no. 668:
: ../lib/ngspice/table.cm: cannot open shared object file: No such file or directory
Undefined parameter [pfet_03v3_noia]
Error: Library ../lib/ngspice/table.cm couldn't be loaded!
Netlist line no. 668:
ERROR, library file /home/subhransu/share/pdk/gf180mcuD/libs.tech/ngspice/sm141064.ngspice, section definition tt not found
Cannot compute substitute


ERROR: fatal error in ngspice, exit(1)
ERROR: fatal error in ngspice, exit(1)
Subprocess exited with error code 1
Error output generated by subprocess:
Error opening code model "../lib/ngspice/spice2poly.cm"
Subprocess exited with error code 1
: ../lib/ngspice/spice2poly.cm: cannot open shared object file: No such file or directory
Error output generated by subprocess:
Error: Library ../lib/ngspice/spice2poly.cm couldn't be loaded!
Error opening code model "../lib/ngspice/spice2poly.cm"
Error opening code model "../lib/ngspice/analog.cm"
: ../lib/ngspice/spice2poly.cm: cannot open shared object file: No such file or directory
: ../lib/ngspice/analog.cm: cannot open shared object file: No such file or directory
Error: Library ../lib/ngspice/spice2poly.cm couldn't be loaded!
Error: Library ../lib/ngspice/analog.cm couldn't be loaded!
Error opening code model "../lib/ngspice/analog.cm"
Error opening code model "../lib/ngspice/digital.cm"
: ../lib/ngspice/analog.cm: cannot open shared object file: No such file or directory
: ../lib/ngspice/digital.cm: cannot open shared object file: No such file or directory
Error: Library ../lib/ngspice/analog.cm couldn't be loaded!
Error: Library ../lib/ngspice/digital.cm couldn't be loaded!
Error opening code model "../lib/ngspice/digital.cm"
Error opening code model "../lib/ngspice/xtradev.cm"
: ../lib/ngspice/digital.cm: cannot open shared object file: No such file or directory
: ../lib/ngspice/xtradev.cm: cannot open shared object file: No such file or directory
Error: Library ../lib/ngspice/digital.cm couldn't be loaded!
Error: Library ../lib/ngspice/xtradev.cm couldn't be loaded!
Error opening code model "../lib/ngspice/xtradev.cm"
Error opening code model "../lib/ngspice/xtraevt.cm"
: ../lib/ngspice/xtradev.cm: cannot open shared object file: No such file or directory
: ../lib/ngspice/xtraevt.cm: cannot open shared object file: No such file or directory
Error: Library ../lib/ngspice/xtradev.cm couldn't be loaded!
Error: Library ../lib/ngspice/xtraevt.cm couldn't be loaded!
Error opening code model "../lib/ngspice/xtraevt.cm"
Error opening code model "../lib/ngspice/table.cm"
: ../lib/ngspice/xtraevt.cm: cannot open shared object file: No such file or directory
: ../lib/ngspice/table.cm: cannot open shared object file: No such file or directory
Error: Library ../lib/ngspice/xtraevt.cm couldn't be loaded!
Error: Library ../lib/ngspice/table.cm couldn't be loaded!
Error opening code model "../lib/ngspice/table.cm"
Warning: redefinition of .subckt inverter, ignored
: ../lib/ngspice/table.cm: cannot open shared object file: No such file or directory
Netlist line no. 399:
Error: Library ../lib/ngspice/table.cm couldn't be loaded!
Undefined parameter [fnoicor]
Warning: redefinition of .subckt inverter, ignored
Netlist line no. 399:
Netlist line no. 399:
 Expression err: fnoicor==0)*3.2e+041+(fnoicor==1)*3.5e+042
Undefined parameter [fnoicor]
Netlist line no. 399:
Netlist line no. 399:
 Expression err: (fnoicor==0)*3.2e+041+(fnoicor==1)*3.5e+042
 Expression err: fnoicor==0)*3.2e+041+(fnoicor==1)*3.5e+042
Netlist line no. 399:
Netlist line no. 399:
 Formula() error.
 Expression err: (fnoicor==0)*3.2e+041+(fnoicor==1)*3.5e+042
      |.param nfet_03v3_noia={(fnoicor==0)*3.2e+041+(fnoicor==1)*3.5e+042}| : |nfet_03v3_noia|=|(fnoicor==0)*3.2e+041+(fnoicor==1)*3.5e+042|
Netlist line no. 399:
Netlist line no. 399:
 Formula() error.
Undefined parameter [fnoicor]
      |.param nfet_03v3_noia={(fnoicor==0)*3.2e+041+(fnoicor==1)*3.5e+042}| : |nfet_03v3_noia|=|(fnoicor==0)*3.2e+041+(fnoicor==1)*3.5e+042|
Netlist line no. 399:
Netlist line no. 399:
 Expression err: fnoicor==0)*1.2e+020+(fnoicor==1)*1.2e+020
Undefined parameter [fnoicor]
Netlist line no. 399:
Netlist line no. 399:
 Expression err: (fnoicor==0)*1.2e+020+(fnoicor==1)*1.2e+020
 Expression err: fnoicor==0)*1.2e+020+(fnoicor==1)*1.2e+020
Netlist line no. 399:
Netlist line no. 399:
 Formula() error.
 Expression err: (fnoicor==0)*1.2e+020+(fnoicor==1)*1.2e+020
      |.param nfet_03v3_noib={(fnoicor==0)*1.2e+020+(fnoicor==1)*1.2e+020}| : |nfet_03v3_noib|=|(fnoicor==0)*1.2e+020+(fnoicor==1)*1.2e+020|
Netlist line no. 399:
Netlist line no. 399:
 Formula() error.
Undefined parameter [fnoicor]
      |.param nfet_03v3_noib={(fnoicor==0)*1.2e+020+(fnoicor==1)*1.2e+020}| : |nfet_03v3_noib|=|(fnoicor==0)*1.2e+020+(fnoicor==1)*1.2e+020|
Netlist line no. 399:
Netlist line no. 399:
 Expression err: fnoicor==0)*6.0e+008+(fnoicor==1)*6.0e+008
Undefined parameter [fnoicor]
Netlist line no. 399:
Netlist line no. 399:
 Expression err: (fnoicor==0)*6.0e+008+(fnoicor==1)*6.0e+008
 Expression err: fnoicor==0)*6.0e+008+(fnoicor==1)*6.0e+008
Netlist line no. 399:
Netlist line no. 399:
 Formula() error.
 Expression err: (fnoicor==0)*6.0e+008+(fnoicor==1)*6.0e+008
      |.param nfet_03v3_noic={(fnoicor==0)*6.0e+008+(fnoicor==1)*6.0e+008}| : |nfet_03v3_noic|=|(fnoicor==0)*6.0e+008+(fnoicor==1)*6.0e+008|
Netlist line no. 399:
Netlist line no. 399:
 Formula() error.
Undefined parameter [fnoicor]
      |.param nfet_03v3_noic={(fnoicor==0)*6.0e+008+(fnoicor==1)*6.0e+008}| : |nfet_03v3_noic|=|(fnoicor==0)*6.0e+008+(fnoicor==1)*6.0e+008|
Netlist line no. 399:
Netlist line no. 399:
 Expression err: fnoicor==0)*3.2e+041+(fnoicor==1)*4.0e+042
Undefined parameter [fnoicor]
Netlist line no. 399:
Netlist line no. 399:
 Expression err: (fnoicor==0)*3.2e+041+(fnoicor==1)*4.0e+042
 Expression err: fnoicor==0)*3.2e+041+(fnoicor==1)*4.0e+042
Netlist line no. 399:
Netlist line no. 399:
 Formula() error.
 Expression err: (fnoicor==0)*3.2e+041+(fnoicor==1)*4.0e+042
      |.param pfet_03v3_noia={(fnoicor==0)*3.2e+041+(fnoicor==1)*4.0e+042}| : |pfet_03v3_noia|=|(fnoicor==0)*3.2e+041+(fnoicor==1)*4.0e+042|
Netlist line no. 399:
Netlist line no. 399:
 Formula() error.
Undefined parameter [fnoicor]
      |.param pfet_03v3_noia={(fnoicor==0)*3.2e+041+(fnoicor==1)*4.0e+042}| : |pfet_03v3_noia|=|(fnoicor==0)*3.2e+041+(fnoicor==1)*4.0e+042|
Netlist line no. 399:
Netlist line no. 399:
 Expression err: fnoicor==0)*1.8e+020+(fnoicor==1)*1.8e+020
Undefined parameter [fnoicor]
Netlist line no. 399:
Netlist line no. 399:
 Expression err: (fnoicor==0)*1.8e+020+(fnoicor==1)*1.8e+020
 Expression err: fnoicor==0)*1.8e+020+(fnoicor==1)*1.8e+020
Netlist line no. 399:
Netlist line no. 399:
 Formula() error.
 Expression err: (fnoicor==0)*1.8e+020+(fnoicor==1)*1.8e+020
      |.param pfet_03v3_noib={(fnoicor==0)*1.8e+020+(fnoicor==1)*1.8e+020}| : |pfet_03v3_noib|=|(fnoicor==0)*1.8e+020+(fnoicor==1)*1.8e+020|
Netlist line no. 399:
Netlist line no. 399:
 Formula() error.
Undefined parameter [fnoicor]
      |.param pfet_03v3_noib={(fnoicor==0)*1.8e+020+(fnoicor==1)*1.8e+020}| : |pfet_03v3_noib|=|(fnoicor==0)*1.8e+020+(fnoicor==1)*1.8e+020|
Netlist line no. 399:
Netlist line no. 399:
 Expression err: fnoicor==0)*3.0e+009+(fnoicor==1)*6.0e+009
Undefined parameter [fnoicor]
Netlist line no. 399:
Netlist line no. 399:
 Expression err: (fnoicor==0)*3.0e+009+(fnoicor==1)*6.0e+009
 Expression err: fnoicor==0)*3.0e+009+(fnoicor==1)*6.0e+009
Netlist line no. 399:
Netlist line no. 399:
 Formula() error.
 Expression err: (fnoicor==0)*3.0e+009+(fnoicor==1)*6.0e+009
      |.param pfet_03v3_noic={(fnoicor==0)*3.0e+009+(fnoicor==1)*6.0e+009}| : |pfet_03v3_noic|=|(fnoicor==0)*3.0e+009+(fnoicor==1)*6.0e+009|
Netlist line no. 399:
Netlist line no. 399:
 Formula() error.
Undefined parameter [fnoicor]
      |.param pfet_03v3_noic={(fnoicor==0)*3.0e+009+(fnoicor==1)*6.0e+009}| : |pfet_03v3_noic|=|(fnoicor==0)*3.0e+009+(fnoicor==1)*6.0e+009|
Netlist line no. 399:
Netlist line no. 399:
 Expression err: fnoicor==0)*1.998e+041+(fnoicor==1)*8e+041
Undefined parameter [fnoicor]
Netlist line no. 399:
Netlist line no. 399:
 Expression err: (fnoicor==0)*1.998e+041+(fnoicor==1)*8e+041
 Expression err: fnoicor==0)*1.998e+041+(fnoicor==1)*8e+041
Netlist line no. 399:
Netlist line no. 399:
 Formula() error.
 Expression err: (fnoicor==0)*1.998e+041+(fnoicor==1)*8e+041
      |.param nfet_06v0_noia={(fnoicor==0)*1.998e+041+(fnoicor==1)*8e+041}| : |nfet_06v0_noia|=|(fnoicor==0)*1.998e+041+(fnoicor==1)*8e+041|
Netlist line no. 399:
Netlist line no. 399:
 Formula() error.
Undefined parameter [fnoicor]
      |.param nfet_06v0_noia={(fnoicor==0)*1.998e+041+(fnoicor==1)*8e+041}| : |nfet_06v0_noia|=|(fnoicor==0)*1.998e+041+(fnoicor==1)*8e+041|
Netlist line no. 399:
Netlist line no. 399:
 Expression err: fnoicor==0)*1e+025+(fnoicor==1)*4e+025
Undefined parameter [fnoicor]
Netlist line no. 399:
Netlist line no. 399:
 Expression err: (fnoicor==0)*1e+025+(fnoicor==1)*4e+025
 Expression err: fnoicor==0)*1e+025+(fnoicor==1)*4e+025
Netlist line no. 399:
Netlist line no. 399:
 Formula() error.
 Expression err: (fnoicor==0)*1e+025+(fnoicor==1)*4e+025
      |.param nfet_06v0_noib={(fnoicor==0)*1e+025+(fnoicor==1)*4e+025}| : |nfet_06v0_noib|=|(fnoicor==0)*1e+025+(fnoicor==1)*4e+025|
Netlist line no. 399:
Netlist line no. 399:
 Formula() error.
Undefined parameter [fnoicor]
      |.param nfet_06v0_noib={(fnoicor==0)*1e+025+(fnoicor==1)*4e+025}| : |nfet_06v0_noib|=|(fnoicor==0)*1e+025+(fnoicor==1)*4e+025|
Netlist line no. 399:
Netlist line no. 399:
 Expression err: fnoicor==0)*5e+008+(fnoicor==1)*2e+009
Undefined parameter [fnoicor]
Netlist line no. 399:
Netlist line no. 399:
 Expression err: (fnoicor==0)*5e+008+(fnoicor==1)*2e+009
 Expression err: fnoicor==0)*5e+008+(fnoicor==1)*2e+009
Netlist line no. 399:
Netlist line no. 399:
 Formula() error.
 Expression err: (fnoicor==0)*5e+008+(fnoicor==1)*2e+009
      |.param nfet_06v0_noic={(fnoicor==0)*5e+008+(fnoicor==1)*2e+009}| : |nfet_06v0_noic|=|(fnoicor==0)*5e+008+(fnoicor==1)*2e+009|
Netlist line no. 399:
Netlist line no. 399:
 Formula() error.
Undefined parameter [fnoicor]
      |.param nfet_06v0_noic={(fnoicor==0)*5e+008+(fnoicor==1)*2e+009}| : |nfet_06v0_noic|=|(fnoicor==0)*5e+008+(fnoicor==1)*2e+009|
Netlist line no. 399:
Netlist line no. 399:
 Expression err: fnoicor==0)*6e+040+(fnoicor==1)*2e+043
Undefined parameter [fnoicor]
Netlist line no. 399:
Netlist line no. 399:
 Expression err: (fnoicor==0)*6e+040+(fnoicor==1)*2e+043
 Expression err: fnoicor==0)*6e+040+(fnoicor==1)*2e+043
Netlist line no. 399:
Netlist line no. 399:
 Formula() error.
 Expression err: (fnoicor==0)*6e+040+(fnoicor==1)*2e+043
      |.param pfet_06v0_noia={(fnoicor==0)*6e+040+(fnoicor==1)*2e+043}| : |pfet_06v0_noia|=|(fnoicor==0)*6e+040+(fnoicor==1)*2e+043|
Netlist line no. 399:
Netlist line no. 399:
 Formula() error.
Undefined parameter [fnoicor]
      |.param pfet_06v0_noia={(fnoicor==0)*6e+040+(fnoicor==1)*2e+043}| : |pfet_06v0_noia|=|(fnoicor==0)*6e+040+(fnoicor==1)*2e+043|
Netlist line no. 399:
Netlist line no. 399:
 Expression err: fnoicor==0)*1.5945e+025+(fnoicor==1)*1.5945e+025
Undefined parameter [fnoicor]
Netlist line no. 399:
Netlist line no. 399:
 Expression err: (fnoicor==0)*1.5945e+025+(fnoicor==1)*1.5945e+025
 Expression err: fnoicor==0)*1.5945e+025+(fnoicor==1)*1.5945e+025
Netlist line no. 399:
Netlist line no. 399:
 Formula() error.
 Expression err: (fnoicor==0)*1.5945e+025+(fnoicor==1)*1.5945e+025
      |.param pfet_06v0_noib={(fnoicor==0)*1.5945e+025+(fnoicor==1)*1.5945e+025}| : |pfet_06v0_noib|=|(fnoicor==0)*1.5945e+025+(fnoicor==1)*1.5945e+025|
Netlist line no. 399:
Netlist line no. 399:
 Formula() error.
Undefined parameter [fnoicor]
      |.param pfet_06v0_noib={(fnoicor==0)*1.5945e+025+(fnoicor==1)*1.5945e+025}| : |pfet_06v0_noib|=|(fnoicor==0)*1.5945e+025+(fnoicor==1)*1.5945e+025|
Netlist line no. 399:
Netlist line no. 399:
 Expression err: fnoicor==0)*1.0499e+009+(fnoicor==1)*1.0499e+009
Undefined parameter [fnoicor]
Netlist line no. 399:
Netlist line no. 399:
 Expression err: (fnoicor==0)*1.0499e+009+(fnoicor==1)*1.0499e+009
 Expression err: fnoicor==0)*1.0499e+009+(fnoicor==1)*1.0499e+009
Netlist line no. 399:
Netlist line no. 399:
 Formula() error.
 Expression err: (fnoicor==0)*1.0499e+009+(fnoicor==1)*1.0499e+009
      |.param pfet_06v0_noic={(fnoicor==0)*1.0499e+009+(fnoicor==1)*1.0499e+009}| : |pfet_06v0_noic|=|(fnoicor==0)*1.0499e+009+(fnoicor==1)*1.0499e+009|
Netlist line no. 399:
Netlist line no. 399:
 Formula() error.
Undefined parameter [fnoicor]
      |.param pfet_06v0_noic={(fnoicor==0)*1.0499e+009+(fnoicor==1)*1.0499e+009}| : |pfet_06v0_noic|=|(fnoicor==0)*1.0499e+009+(fnoicor==1)*1.0499e+009|
Netlist line no. 399:
Netlist line no. 399:
 Expression err: fnoicor==0)*5.5e+040+(fnoicor==1)*1e+041
Undefined parameter [fnoicor]
Netlist line no. 399:
Netlist line no. 399:
 Expression err: (fnoicor==0)*5.5e+040+(fnoicor==1)*1e+041
 Expression err: fnoicor==0)*5.5e+040+(fnoicor==1)*1e+041
Netlist line no. 399:
Netlist line no. 399:
 Formula() error.
 Expression err: (fnoicor==0)*5.5e+040+(fnoicor==1)*1e+041
      |.param nfet_06v0_nvt_noia={(fnoicor==0)*5.5e+040+(fnoicor==1)*1e+041}| : |nfet_06v0_nvt_noia|=|(fnoicor==0)*5.5e+040+(fnoicor==1)*1e+041|
Netlist line no. 399:
Netlist line no. 399:
 Formula() error.
Undefined parameter [fnoicor]
      |.param nfet_06v0_nvt_noia={(fnoicor==0)*5.5e+040+(fnoicor==1)*1e+041}| : |nfet_06v0_nvt_noia|=|(fnoicor==0)*5.5e+040+(fnoicor==1)*1e+041|
Netlist line no. 399:
Netlist line no. 399:
 Expression err: fnoicor==0)*2.5e+025+(fnoicor==1)*9.5e+025
Undefined parameter [fnoicor]
Netlist line no. 399:
Netlist line no. 399:
 Expression err: (fnoicor==0)*2.5e+025+(fnoicor==1)*9.5e+025
 Expression err: fnoicor==0)*2.5e+025+(fnoicor==1)*9.5e+025
Netlist line no. 399:
Netlist line no. 399:
 Formula() error.
 Expression err: (fnoicor==0)*2.5e+025+(fnoicor==1)*9.5e+025
      |.param nfet_06v0_nvt_noib={(fnoicor==0)*2.5e+025+(fnoicor==1)*9.5e+025}| : |nfet_06v0_nvt_noib|=|(fnoicor==0)*2.5e+025+(fnoicor==1)*9.5e+025|
Netlist line no. 399:
Netlist line no. 399:
 Formula() error.
Undefined parameter [fnoicor]
      |.param nfet_06v0_nvt_noib={(fnoicor==0)*2.5e+025+(fnoicor==1)*9.5e+025}| : |nfet_06v0_nvt_noib|=|(fnoicor==0)*2.5e+025+(fnoicor==1)*9.5e+025|
Netlist line no. 399:
Netlist line no. 399:
 Expression err: fnoicor==0)*1e+007+(fnoicor==1)*2e+007
Undefined parameter [fnoicor]
Netlist line no. 399:
Netlist line no. 399:
 Expression err: (fnoicor==0)*1e+007+(fnoicor==1)*2e+007
 Expression err: fnoicor==0)*1e+007+(fnoicor==1)*2e+007
Netlist line no. 399:
Netlist line no. 399:
 Formula() error.
 Expression err: (fnoicor==0)*1e+007+(fnoicor==1)*2e+007
      |.param nfet_06v0_nvt_noic={(fnoicor==0)*1e+007+(fnoicor==1)*2e+007}| : |nfet_06v0_nvt_noic|=|(fnoicor==0)*1e+007+(fnoicor==1)*2e+007|
Netlist line no. 399:
Netlist line no. 1573:
 Formula() error.
Undefined parameter [sw_stat_mismatch]
      |.param nfet_06v0_nvt_noic={(fnoicor==0)*1e+007+(fnoicor==1)*2e+007}| : |nfet_06v0_nvt_noic|=|(fnoicor==0)*1e+007+(fnoicor==1)*2e+007|
Netlist line no. 1573:
Netlist line no. 1573:
Cannot compute substitute
Undefined parameter [sw_stat_mismatch]
Netlist line no. 1580:
Netlist line no. 1573:
Undefined parameter [sw_stat_mismatch]
Cannot compute substitute
Netlist line no. 1580:
Netlist line no. 1580:
Cannot compute substitute
Undefined parameter [sw_stat_mismatch]
Netlist line no. 494:
Netlist line no. 1580:
Undefined parameter [nfet_03v3_noia]
Cannot compute substitute
Netlist line no. 494:
Netlist line no. 455:
Cannot compute substitute
Undefined parameter [nfet_03v3_noia]
Netlist line no. 495:
Netlist line no. 455:
Undefined parameter [nfet_03v3_noia]
Cannot compute substitute
Netlist line no. 495:
Netlist line no. 456:
Cannot compute substitute
Undefined parameter [nfet_03v3_noia]
Netlist line no. 496:
Netlist line no. 456:
Undefined parameter [nfet_03v3_noia]
Cannot compute substitute
Netlist line no. 496:
Netlist line no. 457:
Cannot compute substitute
Undefined parameter [nfet_03v3_noia]
Netlist line no. 497:
Netlist line no. 457:
Undefined parameter [nfet_03v3_noia]
Cannot compute substitute
Netlist line no. 497:
Netlist line no. 458:
Cannot compute substitute
Undefined parameter [nfet_03v3_noia]
Netlist line no. 498:
Netlist line no. 458:
Undefined parameter [nfet_03v3_noia]
Cannot compute substitute
Netlist line no. 498:
Netlist line no. 459:
Cannot compute substitute
Undefined parameter [nfet_03v3_noia]
Netlist line no. 499:
Netlist line no. 459:
Undefined parameter [nfet_03v3_noia]
Cannot compute substitute
Netlist line no. 499:
Netlist line no. 460:
Cannot compute substitute
Undefined parameter [nfet_03v3_noia]
Netlist line no. 500:
Netlist line no. 460:
Undefined parameter [nfet_03v3_noia]
Cannot compute substitute
Netlist line no. 500:
Netlist line no. 461:
Cannot compute substitute
Undefined parameter [nfet_03v3_noia]
Netlist line no. 501:
Netlist line no. 461:
Undefined parameter [nfet_03v3_noia]
Cannot compute substitute
Netlist line no. 501:
Netlist line no. 462:
Cannot compute substitute
Undefined parameter [nfet_03v3_noia]
Netlist line no. 502:
Netlist line no. 462:
Undefined parameter [nfet_03v3_noia]
Cannot compute substitute
Netlist line no. 502:
Netlist line no. 463:
Cannot compute substitute
Undefined parameter [nfet_03v3_noia]
Netlist line no. 503:
Netlist line no. 463:
Undefined parameter [nfet_03v3_noia]
Cannot compute substitute
Netlist line no. 503:
Netlist line no. 464:
Cannot compute substitute
Undefined parameter [nfet_03v3_noia]
Netlist line no. 504:
Netlist line no. 464:
Undefined parameter [nfet_03v3_noia]
Cannot compute substitute
Netlist line no. 504:
Netlist line no. 465:
Cannot compute substitute
Undefined parameter [nfet_03v3_noia]
Netlist line no. 505:
Netlist line no. 465:
Undefined parameter [nfet_03v3_noia]
Cannot compute substitute
Netlist line no. 505:
Netlist line no. 466:
Cannot compute substitute
Undefined parameter [nfet_03v3_noia]
Netlist line no. 506:
Netlist line no. 466:
Undefined parameter [nfet_03v3_noia]
Cannot compute substitute
Netlist line no. 506:
Netlist line no. 467:
Cannot compute substitute
Undefined parameter [nfet_03v3_noia]
Netlist line no. 507:
Netlist line no. 467:
Undefined parameter [nfet_03v3_noia]
Cannot compute substitute
Netlist line no. 507:
Netlist line no. 468:
Cannot compute substitute
Undefined parameter [nfet_03v3_noia]
Netlist line no. 508:
Netlist line no. 468:
Undefined parameter [nfet_03v3_noia]
Cannot compute substitute
Netlist line no. 508:
Netlist line no. 469:
Cannot compute substitute
Undefined parameter [nfet_03v3_noia]
Netlist line no. 509:
Netlist line no. 469:
Undefined parameter [nfet_03v3_noia]
Cannot compute substitute
Netlist line no. 509:
Netlist line no. 470:
Cannot compute substitute
Undefined parameter [nfet_03v3_noia]
Netlist line no. 692:
Netlist line no. 470:
Undefined parameter [pfet_03v3_noia]
Cannot compute substitute
Netlist line no. 692:
Netlist line no. 653:
Cannot compute substitute
Undefined parameter [pfet_03v3_noia]
Netlist line no. 693:
Netlist line no. 653:
Undefined parameter [pfet_03v3_noia]
Cannot compute substitute
Netlist line no. 693:
Netlist line no. 654:
Cannot compute substitute
Undefined parameter [pfet_03v3_noia]
Netlist line no. 694:
Netlist line no. 654:
Undefined parameter [pfet_03v3_noia]
Cannot compute substitute
Netlist line no. 694:
Netlist line no. 655:
Cannot compute substitute
Undefined parameter [pfet_03v3_noia]
Netlist line no. 695:
Netlist line no. 655:
Undefined parameter [pfet_03v3_noia]
Cannot compute substitute
Netlist line no. 695:
Netlist line no. 656:
Cannot compute substitute
Undefined parameter [pfet_03v3_noia]
Netlist line no. 696:
Netlist line no. 656:
Undefined parameter [pfet_03v3_noia]
Cannot compute substitute
Netlist line no. 696:
Netlist line no. 657:
Cannot compute substitute
Undefined parameter [pfet_03v3_noia]
Netlist line no. 697:
Netlist line no. 657:
Undefined parameter [pfet_03v3_noia]
Cannot compute substitute
Netlist line no. 697:
Netlist line no. 658:
Cannot compute substitute
Undefined parameter [pfet_03v3_noia]
Netlist line no. 698:
Netlist line no. 658:
Undefined parameter [pfet_03v3_noia]
Cannot compute substitute
Netlist line no. 698:
Netlist line no. 659:
Cannot compute substitute
Undefined parameter [pfet_03v3_noia]
Netlist line no. 699:
Netlist line no. 659:
Undefined parameter [pfet_03v3_noia]
Cannot compute substitute
Netlist line no. 699:
Netlist line no. 660:
Cannot compute substitute
Undefined parameter [pfet_03v3_noia]
Netlist line no. 700:
Netlist line no. 660:
Undefined parameter [pfet_03v3_noia]
Cannot compute substitute
Netlist line no. 700:
Netlist line no. 661:
Cannot compute substitute
Undefined parameter [pfet_03v3_noia]
Netlist line no. 701:
Netlist line no. 661:
Undefined parameter [pfet_03v3_noia]
Cannot compute substitute
Netlist line no. 701:
Netlist line no. 662:
Cannot compute substitute
Undefined parameter [pfet_03v3_noia]
Netlist line no. 702:
Netlist line no. 662:
Undefined parameter [pfet_03v3_noia]
Cannot compute substitute
Netlist line no. 702:
Netlist line no. 663:
Cannot compute substitute
Undefined parameter [pfet_03v3_noia]
Netlist line no. 703:
Netlist line no. 663:
Undefined parameter [pfet_03v3_noia]
Cannot compute substitute
Netlist line no. 703:
Netlist line no. 664:
Cannot compute substitute
Undefined parameter [pfet_03v3_noia]
Netlist line no. 704:
Netlist line no. 664:
Undefined parameter [pfet_03v3_noia]
Cannot compute substitute
Netlist line no. 704:
Netlist line no. 665:
Cannot compute substitute
Undefined parameter [pfet_03v3_noia]
Netlist line no. 705:
Netlist line no. 665:
Undefined parameter [pfet_03v3_noia]
Cannot compute substitute
Netlist line no. 705:
Netlist line no. 666:
Cannot compute substitute
Undefined parameter [pfet_03v3_noia]
Netlist line no. 706:
Netlist line no. 666:
Undefined parameter [pfet_03v3_noia]
Cannot compute substitute
Netlist line no. 706:
Netlist line no. 667:
Cannot compute substitute
Undefined parameter [pfet_03v3_noia]
Netlist line no. 707:
Netlist line no. 667:
Undefined parameter [pfet_03v3_noia]
Cannot compute substitute
Netlist line no. 707:
Netlist line no. 668:
Cannot compute substitute
Undefined parameter [pfet_03v3_noia]

Netlist line no. 668:
ERROR: fatal error in ngspice, exit(1)
Cannot compute substitute

ERROR: fatal error in ngspice, exit(1)
Subprocess exited with error code 1
Subprocess exited with error code 1
Error output generated by subprocess:
Error output generated by subprocess:
Error opening code model "../lib/ngspice/spice2poly.cm"
Error opening code model "../lib/ngspice/spice2poly.cm"
: ../lib/ngspice/spice2poly.cm: cannot open shared object file: No such file or directory
: ../lib/ngspice/spice2poly.cm: cannot open shared object file: No such file or directory
Error: Library ../lib/ngspice/spice2poly.cm couldn't be loaded!
Error: Library ../lib/ngspice/spice2poly.cm couldn't be loaded!
Error opening code model "../lib/ngspice/analog.cm"
Error opening code model "../lib/ngspice/analog.cm"
: ../lib/ngspice/analog.cm: cannot open shared object file: No such file or directory
: ../lib/ngspice/analog.cm: cannot open shared object file: No such file or directory
Error: Library ../lib/ngspice/analog.cm couldn't be loaded!
Error: Library ../lib/ngspice/analog.cm couldn't be loaded!
Error opening code model "../lib/ngspice/digital.cm"
Error opening code model "../lib/ngspice/digital.cm"
: ../lib/ngspice/digital.cm: cannot open shared object file: No such file or directory
: ../lib/ngspice/digital.cm: cannot open shared object file: No such file or directory
Error: Library ../lib/ngspice/digital.cm couldn't be loaded!
Error: Library ../lib/ngspice/digital.cm couldn't be loaded!
Error opening code model "../lib/ngspice/xtradev.cm"
Error opening code model "../lib/ngspice/xtradev.cm"
: ../lib/ngspice/xtradev.cm: cannot open shared object file: No such file or directory
: ../lib/ngspice/xtradev.cm: cannot open shared object file: No such file or directory
Error: Library ../lib/ngspice/xtradev.cm couldn't be loaded!
Error: Library ../lib/ngspice/xtradev.cm couldn't be loaded!
Error opening code model "../lib/ngspice/xtraevt.cm"
Error opening code model "../lib/ngspice/xtraevt.cm"
: ../lib/ngspice/xtraevt.cm: cannot open shared object file: No such file or directory
: ../lib/ngspice/xtraevt.cm: cannot open shared object file: No such file or directory
Error: Library ../lib/ngspice/xtraevt.cm couldn't be loaded!
Error: Library ../lib/ngspice/xtraevt.cm couldn't be loaded!
Error opening code model "../lib/ngspice/table.cm"
Error opening code model "../lib/ngspice/table.cm"
: ../lib/ngspice/table.cm: cannot open shared object file: No such file or directory
: ../lib/ngspice/table.cm: cannot open shared object file: No such file or directory
Error: Library ../lib/ngspice/table.cm couldn't be loaded!
Error: Library ../lib/ngspice/table.cm couldn't be loaded!
Warning: redefinition of .subckt inverter, ignored
Warning: redefinition of .subckt inverter, ignored
Netlist line no. 399:
Netlist line no. 399:
Undefined parameter [fnoicor]
Undefined parameter [fnoicor]
Netlist line no. 399:
Netlist line no. 399:
 Expression err: fnoicor==0)*3.2e+041+(fnoicor==1)*3.5e+042
 Expression err: fnoicor==0)*3.2e+041+(fnoicor==1)*3.5e+042
Netlist line no. 399:
Netlist line no. 399:
 Expression err: (fnoicor==0)*3.2e+041+(fnoicor==1)*3.5e+042
 Expression err: (fnoicor==0)*3.2e+041+(fnoicor==1)*3.5e+042
Netlist line no. 399:
Netlist line no. 399:
 Formula() error.
 Formula() error.
      |.param nfet_03v3_noia={(fnoicor==0)*3.2e+041+(fnoicor==1)*3.5e+042}| : |nfet_03v3_noia|=|(fnoicor==0)*3.2e+041+(fnoicor==1)*3.5e+042|
      |.param nfet_03v3_noia={(fnoicor==0)*3.2e+041+(fnoicor==1)*3.5e+042}| : |nfet_03v3_noia|=|(fnoicor==0)*3.2e+041+(fnoicor==1)*3.5e+042|
Netlist line no. 399:
Netlist line no. 399:
Undefined parameter [fnoicor]
Undefined parameter [fnoicor]
Netlist line no. 399:
Netlist line no. 399:
 Expression err: fnoicor==0)*1.2e+020+(fnoicor==1)*1.2e+020
 Expression err: fnoicor==0)*1.2e+020+(fnoicor==1)*1.2e+020
Netlist line no. 399:
Netlist line no. 399:
 Expression err: (fnoicor==0)*1.2e+020+(fnoicor==1)*1.2e+020
 Expression err: (fnoicor==0)*1.2e+020+(fnoicor==1)*1.2e+020
Netlist line no. 399:
Netlist line no. 399:
 Formula() error.
 Formula() error.
      |.param nfet_03v3_noib={(fnoicor==0)*1.2e+020+(fnoicor==1)*1.2e+020}| : |nfet_03v3_noib|=|(fnoicor==0)*1.2e+020+(fnoicor==1)*1.2e+020|
      |.param nfet_03v3_noib={(fnoicor==0)*1.2e+020+(fnoicor==1)*1.2e+020}| : |nfet_03v3_noib|=|(fnoicor==0)*1.2e+020+(fnoicor==1)*1.2e+020|
Netlist line no. 399:
Netlist line no. 399:
Undefined parameter [fnoicor]
Undefined parameter [fnoicor]
Netlist line no. 399:
Netlist line no. 399:
 Expression err: fnoicor==0)*6.0e+008+(fnoicor==1)*6.0e+008
 Expression err: fnoicor==0)*6.0e+008+(fnoicor==1)*6.0e+008
Netlist line no. 399:
Netlist line no. 399:
 Expression err: (fnoicor==0)*6.0e+008+(fnoicor==1)*6.0e+008
 Expression err: (fnoicor==0)*6.0e+008+(fnoicor==1)*6.0e+008
Netlist line no. 399:
Netlist line no. 399:
 Formula() error.
 Formula() error.
      |.param nfet_03v3_noic={(fnoicor==0)*6.0e+008+(fnoicor==1)*6.0e+008}| : |nfet_03v3_noic|=|(fnoicor==0)*6.0e+008+(fnoicor==1)*6.0e+008|
      |.param nfet_03v3_noic={(fnoicor==0)*6.0e+008+(fnoicor==1)*6.0e+008}| : |nfet_03v3_noic|=|(fnoicor==0)*6.0e+008+(fnoicor==1)*6.0e+008|
Netlist line no. 399:
Netlist line no. 399:
Undefined parameter [fnoicor]
Undefined parameter [fnoicor]
Netlist line no. 399:
Netlist line no. 399:
 Expression err: fnoicor==0)*3.2e+041+(fnoicor==1)*4.0e+042
 Expression err: fnoicor==0)*3.2e+041+(fnoicor==1)*4.0e+042
Netlist line no. 399:
Netlist line no. 399:
 Expression err: (fnoicor==0)*3.2e+041+(fnoicor==1)*4.0e+042
 Expression err: (fnoicor==0)*3.2e+041+(fnoicor==1)*4.0e+042
Netlist line no. 399:
Netlist line no. 399:
 Formula() error.
 Formula() error.
      |.param pfet_03v3_noia={(fnoicor==0)*3.2e+041+(fnoicor==1)*4.0e+042}| : |pfet_03v3_noia|=|(fnoicor==0)*3.2e+041+(fnoicor==1)*4.0e+042|
      |.param pfet_03v3_noia={(fnoicor==0)*3.2e+041+(fnoicor==1)*4.0e+042}| : |pfet_03v3_noia|=|(fnoicor==0)*3.2e+041+(fnoicor==1)*4.0e+042|
Netlist line no. 399:
Netlist line no. 399:
Undefined parameter [fnoicor]
Undefined parameter [fnoicor]
Netlist line no. 399:
Netlist line no. 399:
 Expression err: fnoicor==0)*1.8e+020+(fnoicor==1)*1.8e+020
 Expression err: fnoicor==0)*1.8e+020+(fnoicor==1)*1.8e+020
Netlist line no. 399:
Netlist line no. 399:
 Expression err: (fnoicor==0)*1.8e+020+(fnoicor==1)*1.8e+020
 Expression err: (fnoicor==0)*1.8e+020+(fnoicor==1)*1.8e+020
Netlist line no. 399:
Netlist line no. 399:
 Formula() error.
 Formula() error.
      |.param pfet_03v3_noib={(fnoicor==0)*1.8e+020+(fnoicor==1)*1.8e+020}| : |pfet_03v3_noib|=|(fnoicor==0)*1.8e+020+(fnoicor==1)*1.8e+020|
      |.param pfet_03v3_noib={(fnoicor==0)*1.8e+020+(fnoicor==1)*1.8e+020}| : |pfet_03v3_noib|=|(fnoicor==0)*1.8e+020+(fnoicor==1)*1.8e+020|
Netlist line no. 399:
Netlist line no. 399:
Undefined parameter [fnoicor]
Undefined parameter [fnoicor]
Netlist line no. 399:
Netlist line no. 399:
 Expression err: fnoicor==0)*3.0e+009+(fnoicor==1)*6.0e+009
 Expression err: fnoicor==0)*3.0e+009+(fnoicor==1)*6.0e+009
Netlist line no. 399:
Netlist line no. 399:
 Expression err: (fnoicor==0)*3.0e+009+(fnoicor==1)*6.0e+009
 Expression err: (fnoicor==0)*3.0e+009+(fnoicor==1)*6.0e+009
Netlist line no. 399:
Netlist line no. 399:
 Formula() error.
 Formula() error.
      |.param pfet_03v3_noic={(fnoicor==0)*3.0e+009+(fnoicor==1)*6.0e+009}| : |pfet_03v3_noic|=|(fnoicor==0)*3.0e+009+(fnoicor==1)*6.0e+009|
      |.param pfet_03v3_noic={(fnoicor==0)*3.0e+009+(fnoicor==1)*6.0e+009}| : |pfet_03v3_noic|=|(fnoicor==0)*3.0e+009+(fnoicor==1)*6.0e+009|
Netlist line no. 399:
Netlist line no. 399:
Undefined parameter [fnoicor]
Undefined parameter [fnoicor]
Netlist line no. 399:
Netlist line no. 399:
 Expression err: fnoicor==0)*1.998e+041+(fnoicor==1)*8e+041
 Expression err: fnoicor==0)*1.998e+041+(fnoicor==1)*8e+041
Netlist line no. 399:
Netlist line no. 399:
 Expression err: (fnoicor==0)*1.998e+041+(fnoicor==1)*8e+041
 Expression err: (fnoicor==0)*1.998e+041+(fnoicor==1)*8e+041
Netlist line no. 399:
Netlist line no. 399:
 Formula() error.
 Formula() error.
      |.param nfet_06v0_noia={(fnoicor==0)*1.998e+041+(fnoicor==1)*8e+041}| : |nfet_06v0_noia|=|(fnoicor==0)*1.998e+041+(fnoicor==1)*8e+041|
      |.param nfet_06v0_noia={(fnoicor==0)*1.998e+041+(fnoicor==1)*8e+041}| : |nfet_06v0_noia|=|(fnoicor==0)*1.998e+041+(fnoicor==1)*8e+041|
Netlist line no. 399:
Netlist line no. 399:
Undefined parameter [fnoicor]
Undefined parameter [fnoicor]
Netlist line no. 399:
Netlist line no. 399:
 Expression err: fnoicor==0)*1e+025+(fnoicor==1)*4e+025
 Expression err: fnoicor==0)*1e+025+(fnoicor==1)*4e+025
Netlist line no. 399:
Netlist line no. 399:
 Expression err: (fnoicor==0)*1e+025+(fnoicor==1)*4e+025
 Expression err: (fnoicor==0)*1e+025+(fnoicor==1)*4e+025
Netlist line no. 399:
Netlist line no. 399:
 Formula() error.
 Formula() error.
      |.param nfet_06v0_noib={(fnoicor==0)*1e+025+(fnoicor==1)*4e+025}| : |nfet_06v0_noib|=|(fnoicor==0)*1e+025+(fnoicor==1)*4e+025|
      |.param nfet_06v0_noib={(fnoicor==0)*1e+025+(fnoicor==1)*4e+025}| : |nfet_06v0_noib|=|(fnoicor==0)*1e+025+(fnoicor==1)*4e+025|
Netlist line no. 399:
Netlist line no. 399:
Undefined parameter [fnoicor]
Undefined parameter [fnoicor]
Netlist line no. 399:
Netlist line no. 399:
 Expression err: fnoicor==0)*5e+008+(fnoicor==1)*2e+009
 Expression err: fnoicor==0)*5e+008+(fnoicor==1)*2e+009
Netlist line no. 399:
Netlist line no. 399:
 Expression err: (fnoicor==0)*5e+008+(fnoicor==1)*2e+009
 Expression err: (fnoicor==0)*5e+008+(fnoicor==1)*2e+009
Netlist line no. 399:
Netlist line no. 399:
 Formula() error.
 Formula() error.
      |.param nfet_06v0_noic={(fnoicor==0)*5e+008+(fnoicor==1)*2e+009}| : |nfet_06v0_noic|=|(fnoicor==0)*5e+008+(fnoicor==1)*2e+009|
      |.param nfet_06v0_noic={(fnoicor==0)*5e+008+(fnoicor==1)*2e+009}| : |nfet_06v0_noic|=|(fnoicor==0)*5e+008+(fnoicor==1)*2e+009|
Netlist line no. 399:
Netlist line no. 399:
Undefined parameter [fnoicor]
Undefined parameter [fnoicor]
Netlist line no. 399:
Netlist line no. 399:
 Expression err: fnoicor==0)*6e+040+(fnoicor==1)*2e+043
 Expression err: fnoicor==0)*6e+040+(fnoicor==1)*2e+043
Netlist line no. 399:
Netlist line no. 399:
 Expression err: (fnoicor==0)*6e+040+(fnoicor==1)*2e+043
 Expression err: (fnoicor==0)*6e+040+(fnoicor==1)*2e+043
Netlist line no. 399:
Netlist line no. 399:
 Formula() error.
 Formula() error.
      |.param pfet_06v0_noia={(fnoicor==0)*6e+040+(fnoicor==1)*2e+043}| : |pfet_06v0_noia|=|(fnoicor==0)*6e+040+(fnoicor==1)*2e+043|
      |.param pfet_06v0_noia={(fnoicor==0)*6e+040+(fnoicor==1)*2e+043}| : |pfet_06v0_noia|=|(fnoicor==0)*6e+040+(fnoicor==1)*2e+043|
Netlist line no. 399:
Netlist line no. 399:
Undefined parameter [fnoicor]
Undefined parameter [fnoicor]
Netlist line no. 399:
Netlist line no. 399:
 Expression err: fnoicor==0)*1.5945e+025+(fnoicor==1)*1.5945e+025
 Expression err: fnoicor==0)*1.5945e+025+(fnoicor==1)*1.5945e+025
Netlist line no. 399:
Netlist line no. 399:
 Expression err: (fnoicor==0)*1.5945e+025+(fnoicor==1)*1.5945e+025
 Expression err: (fnoicor==0)*1.5945e+025+(fnoicor==1)*1.5945e+025
Netlist line no. 399:
Netlist line no. 399:
 Formula() error.
 Formula() error.
      |.param pfet_06v0_noib={(fnoicor==0)*1.5945e+025+(fnoicor==1)*1.5945e+025}| : |pfet_06v0_noib|=|(fnoicor==0)*1.5945e+025+(fnoicor==1)*1.5945e+025|
      |.param pfet_06v0_noib={(fnoicor==0)*1.5945e+025+(fnoicor==1)*1.5945e+025}| : |pfet_06v0_noib|=|(fnoicor==0)*1.5945e+025+(fnoicor==1)*1.5945e+025|
Netlist line no. 399:
Netlist line no. 399:
Undefined parameter [fnoicor]
Undefined parameter [fnoicor]
Netlist line no. 399:
Netlist line no. 399:
 Expression err: fnoicor==0)*1.0499e+009+(fnoicor==1)*1.0499e+009
 Expression err: fnoicor==0)*1.0499e+009+(fnoicor==1)*1.0499e+009
Netlist line no. 399:
Netlist line no. 399:
 Expression err: (fnoicor==0)*1.0499e+009+(fnoicor==1)*1.0499e+009
 Expression err: (fnoicor==0)*1.0499e+009+(fnoicor==1)*1.0499e+009
Netlist line no. 399:
Netlist line no. 399:
 Formula() error.
 Formula() error.
      |.param pfet_06v0_noic={(fnoicor==0)*1.0499e+009+(fnoicor==1)*1.0499e+009}| : |pfet_06v0_noic|=|(fnoicor==0)*1.0499e+009+(fnoicor==1)*1.0499e+009|
      |.param pfet_06v0_noic={(fnoicor==0)*1.0499e+009+(fnoicor==1)*1.0499e+009}| : |pfet_06v0_noic|=|(fnoicor==0)*1.0499e+009+(fnoicor==1)*1.0499e+009|
Netlist line no. 399:
Netlist line no. 399:
Undefined parameter [fnoicor]
Undefined parameter [fnoicor]
Netlist line no. 399:
Netlist line no. 399:
 Expression err: fnoicor==0)*5.5e+040+(fnoicor==1)*1e+041
 Expression err: fnoicor==0)*5.5e+040+(fnoicor==1)*1e+041
Netlist line no. 399:
Netlist line no. 399:
 Expression err: (fnoicor==0)*5.5e+040+(fnoicor==1)*1e+041
 Expression err: (fnoicor==0)*5.5e+040+(fnoicor==1)*1e+041
Netlist line no. 399:
Netlist line no. 399:
 Formula() error.
 Formula() error.
      |.param nfet_06v0_nvt_noia={(fnoicor==0)*5.5e+040+(fnoicor==1)*1e+041}| : |nfet_06v0_nvt_noia|=|(fnoicor==0)*5.5e+040+(fnoicor==1)*1e+041|
      |.param nfet_06v0_nvt_noia={(fnoicor==0)*5.5e+040+(fnoicor==1)*1e+041}| : |nfet_06v0_nvt_noia|=|(fnoicor==0)*5.5e+040+(fnoicor==1)*1e+041|
Netlist line no. 399:
Netlist line no. 399:
Undefined parameter [fnoicor]
Undefined parameter [fnoicor]
Netlist line no. 399:
Netlist line no. 399:
 Expression err: fnoicor==0)*2.5e+025+(fnoicor==1)*9.5e+025
 Expression err: fnoicor==0)*2.5e+025+(fnoicor==1)*9.5e+025
Netlist line no. 399:
Netlist line no. 399:
 Expression err: (fnoicor==0)*2.5e+025+(fnoicor==1)*9.5e+025
 Expression err: (fnoicor==0)*2.5e+025+(fnoicor==1)*9.5e+025
Netlist line no. 399:
Netlist line no. 399:
 Formula() error.
 Formula() error.
      |.param nfet_06v0_nvt_noib={(fnoicor==0)*2.5e+025+(fnoicor==1)*9.5e+025}| : |nfet_06v0_nvt_noib|=|(fnoicor==0)*2.5e+025+(fnoicor==1)*9.5e+025|
      |.param nfet_06v0_nvt_noib={(fnoicor==0)*2.5e+025+(fnoicor==1)*9.5e+025}| : |nfet_06v0_nvt_noib|=|(fnoicor==0)*2.5e+025+(fnoicor==1)*9.5e+025|
Netlist line no. 399:
Netlist line no. 399:
Undefined parameter [fnoicor]
Undefined parameter [fnoicor]
Netlist line no. 399:
Netlist line no. 399:
 Expression err: fnoicor==0)*1e+007+(fnoicor==1)*2e+007
 Expression err: fnoicor==0)*1e+007+(fnoicor==1)*2e+007
Netlist line no. 399:
Netlist line no. 399:
 Expression err: (fnoicor==0)*1e+007+(fnoicor==1)*2e+007
 Expression err: (fnoicor==0)*1e+007+(fnoicor==1)*2e+007
Netlist line no. 399:
Netlist line no. 399:
 Formula() error.
 Formula() error.
      |.param nfet_06v0_nvt_noic={(fnoicor==0)*1e+007+(fnoicor==1)*2e+007}| : |nfet_06v0_nvt_noic|=|(fnoicor==0)*1e+007+(fnoicor==1)*2e+007|
      |.param nfet_06v0_nvt_noic={(fnoicor==0)*1e+007+(fnoicor==1)*2e+007}| : |nfet_06v0_nvt_noic|=|(fnoicor==0)*1e+007+(fnoicor==1)*2e+007|
Netlist line no. 1573:
Netlist line no. 1573:
Undefined parameter [sw_stat_mismatch]
Undefined parameter [sw_stat_mismatch]
Netlist line no. 1573:
Netlist line no. 1573:
Cannot compute substitute
Cannot compute substitute
Netlist line no. 1580:
Netlist line no. 1580:
Undefined parameter [sw_stat_mismatch]
Undefined parameter [sw_stat_mismatch]
Netlist line no. 1580:
Netlist line no. 1580:
Cannot compute substitute
Cannot compute substitute
Netlist line no. 494:
Netlist line no. 455:
Undefined parameter [nfet_03v3_noia]
Undefined parameter [nfet_03v3_noia]
Netlist line no. 494:
Netlist line no. 455:
Cannot compute substitute
Cannot compute substitute
Netlist line no. 495:
Netlist line no. 456:
Undefined parameter [nfet_03v3_noia]
Undefined parameter [nfet_03v3_noia]
Netlist line no. 495:
Netlist line no. 456:
Cannot compute substitute
Cannot compute substitute
Netlist line no. 496:
Netlist line no. 457:
Undefined parameter [nfet_03v3_noia]
Undefined parameter [nfet_03v3_noia]
Netlist line no. 496:
Netlist line no. 457:
Cannot compute substitute
Cannot compute substitute
Netlist line no. 497:
Netlist line no. 458:
Undefined parameter [nfet_03v3_noia]
Undefined parameter [nfet_03v3_noia]
Netlist line no. 497:
Netlist line no. 458:
Cannot compute substitute
Cannot compute substitute
Netlist line no. 498:
Netlist line no. 459:
Undefined parameter [nfet_03v3_noia]
Undefined parameter [nfet_03v3_noia]
Netlist line no. 498:
Netlist line no. 459:
Cannot compute substitute
Cannot compute substitute
Netlist line no. 499:
Netlist line no. 460:
Undefined parameter [nfet_03v3_noia]
Undefined parameter [nfet_03v3_noia]
Netlist line no. 499:
Netlist line no. 460:
Cannot compute substitute
Cannot compute substitute
Netlist line no. 500:
Netlist line no. 461:
Undefined parameter [nfet_03v3_noia]
Undefined parameter [nfet_03v3_noia]
Netlist line no. 500:
Netlist line no. 461:
Cannot compute substitute
Cannot compute substitute
Netlist line no. 501:
Netlist line no. 462:
Undefined parameter [nfet_03v3_noia]
Undefined parameter [nfet_03v3_noia]
Netlist line no. 501:
Netlist line no. 462:
Cannot compute substitute
Cannot compute substitute
Netlist line no. 502:
Netlist line no. 463:
Undefined parameter [nfet_03v3_noia]
Undefined parameter [nfet_03v3_noia]
Netlist line no. 502:
Netlist line no. 463:
Cannot compute substitute
Cannot compute substitute
Netlist line no. 503:
Netlist line no. 464:
Undefined parameter [nfet_03v3_noia]
Undefined parameter [nfet_03v3_noia]
Netlist line no. 503:
Netlist line no. 464:
Cannot compute substitute
Cannot compute substitute
Netlist line no. 504:
Netlist line no. 465:
Undefined parameter [nfet_03v3_noia]
Undefined parameter [nfet_03v3_noia]
Netlist line no. 504:
Netlist line no. 465:
Cannot compute substitute
Cannot compute substitute
Netlist line no. 505:
Netlist line no. 466:
Undefined parameter [nfet_03v3_noia]
Undefined parameter [nfet_03v3_noia]
Netlist line no. 505:
Netlist line no. 466:
Cannot compute substitute
Cannot compute substitute
Netlist line no. 506:
Netlist line no. 467:
Undefined parameter [nfet_03v3_noia]
Undefined parameter [nfet_03v3_noia]
Netlist line no. 506:
Netlist line no. 467:
Cannot compute substitute
Cannot compute substitute
Netlist line no. 507:
Netlist line no. 468:
Undefined parameter [nfet_03v3_noia]
Undefined parameter [nfet_03v3_noia]
Netlist line no. 507:
Netlist line no. 468:
Cannot compute substitute
Cannot compute substitute
Netlist line no. 508:
Netlist line no. 469:
Undefined parameter [nfet_03v3_noia]
Undefined parameter [nfet_03v3_noia]
Netlist line no. 508:
Netlist line no. 469:
Cannot compute substitute
Cannot compute substitute
Netlist line no. 509:
Netlist line no. 470:
Undefined parameter [nfet_03v3_noia]
Undefined parameter [nfet_03v3_noia]
Netlist line no. 509:
Netlist line no. 470:
Cannot compute substitute
Cannot compute substitute
Netlist line no. 692:
Netlist line no. 653:
Undefined parameter [pfet_03v3_noia]
Undefined parameter [pfet_03v3_noia]
Netlist line no. 692:
Netlist line no. 653:
Cannot compute substitute
Cannot compute substitute
Netlist line no. 693:
Netlist line no. 654:
Undefined parameter [pfet_03v3_noia]
Undefined parameter [pfet_03v3_noia]
Netlist line no. 693:
Netlist line no. 654:
Cannot compute substitute
Cannot compute substitute
Netlist line no. 694:
Netlist line no. 655:
Undefined parameter [pfet_03v3_noia]
Undefined parameter [pfet_03v3_noia]
Netlist line no. 694:
Netlist line no. 655:
Cannot compute substitute
Cannot compute substitute
Netlist line no. 695:
Netlist line no. 656:
Undefined parameter [pfet_03v3_noia]
Undefined parameter [pfet_03v3_noia]
Netlist line no. 695:
Netlist line no. 656:
Cannot compute substitute
Cannot compute substitute
Netlist line no. 696:
Netlist line no. 657:
Undefined parameter [pfet_03v3_noia]
Undefined parameter [pfet_03v3_noia]
Netlist line no. 696:
Netlist line no. 657:
Cannot compute substitute
Cannot compute substitute
Netlist line no. 697:
Netlist line no. 658:
Undefined parameter [pfet_03v3_noia]
Undefined parameter [pfet_03v3_noia]
Netlist line no. 697:
Netlist line no. 658:
Cannot compute substitute
Cannot compute substitute
Netlist line no. 698:
Netlist line no. 659:
Undefined parameter [pfet_03v3_noia]
Undefined parameter [pfet_03v3_noia]
Netlist line no. 698:
Netlist line no. 659:
Cannot compute substitute
Cannot compute substitute
Netlist line no. 699:
Netlist line no. 660:
Undefined parameter [pfet_03v3_noia]
Undefined parameter [pfet_03v3_noia]
Netlist line no. 699:
Netlist line no. 660:
Cannot compute substitute
Cannot compute substitute
Netlist line no. 700:
Netlist line no. 661:
Undefined parameter [pfet_03v3_noia]
Undefined parameter [pfet_03v3_noia]
Netlist line no. 700:
Netlist line no. 661:
Cannot compute substitute
Cannot compute substitute
Netlist line no. 701:
Netlist line no. 662:
Undefined parameter [pfet_03v3_noia]
Undefined parameter [pfet_03v3_noia]
Netlist line no. 701:
Netlist line no. 662:
Cannot compute substitute
Cannot compute substitute
Netlist line no. 702:
Netlist line no. 663:
Undefined parameter [pfet_03v3_noia]
Undefined parameter [pfet_03v3_noia]
Netlist line no. 702:
Netlist line no. 663:
Cannot compute substitute
Cannot compute substitute
Netlist line no. 703:
Netlist line no. 664:
Undefined parameter [pfet_03v3_noia]
Undefined parameter [pfet_03v3_noia]
Netlist line no. 703:
Netlist line no. 664:
Cannot compute substitute
Cannot compute substitute
Netlist line no. 704:
Netlist line no. 665:
Undefined parameter [pfet_03v3_noia]
Undefined parameter [pfet_03v3_noia]
Netlist line no. 704:
Netlist line no. 665:
Cannot compute substitute
Cannot compute substitute
Netlist line no. 705:
Netlist line no. 666:
Undefined parameter [pfet_03v3_noia]
Undefined parameter [pfet_03v3_noia]
Netlist line no. 705:
Netlist line no. 666:
Cannot compute substitute
Cannot compute substitute
Netlist line no. 706:
Netlist line no. 667:
Undefined parameter [pfet_03v3_noia]
Undefined parameter [pfet_03v3_noia]
Netlist line no. 706:
Netlist line no. 667:
Cannot compute substitute
Cannot compute substitute
Netlist line no. 707:
Netlist line no. 668:
Undefined parameter [pfet_03v3_noia]
Undefined parameter [pfet_03v3_noia]
Netlist line no. 707:
Netlist line no. 668:
Cannot compute substitute
Cannot compute substitute


ERROR: fatal error in ngspice, exit(1)
ERROR: fatal error in ngspice, exit(1)
Subprocess exited with error code 1
Error output generated by subprocess:
Error opening code model "../lib/ngspice/spice2poly.cm"
: ../lib/ngspice/spice2poly.cm: cannot open shared object file: No such file or directory
Error: Library ../lib/ngspice/spice2poly.cm couldn't be loaded!
Error opening code model "../lib/ngspice/analog.cm"
: ../lib/ngspice/analog.cm: cannot open shared object file: No such file or directory
Error: Library ../lib/ngspice/analog.cm couldn't be loaded!
Error opening code model "../lib/ngspice/digital.cm"
: ../lib/ngspice/digital.cm: cannot open shared object file: No such file or directory
Error: Library ../lib/ngspice/digital.cm couldn't be loaded!
Error opening code model "../lib/ngspice/xtradev.cm"
: ../lib/ngspice/xtradev.cm: cannot open shared object file: No such file or directory
Error: Library ../lib/ngspice/xtradev.cm couldn't be loaded!
Error opening code model "../lib/ngspice/xtraevt.cm"
: ../lib/ngspice/xtraevt.cm: cannot open shared object file: No such file or directory
Error: Library ../lib/ngspice/xtraevt.cm couldn't be loaded!
Error opening code model "../lib/ngspice/table.cm"
: ../lib/ngspice/table.cm: cannot open shared object file: No such file or directory
Error: Library ../lib/ngspice/table.cm couldn't be loaded!
ERROR, library file /home/subhransu/share/pdk/gf180mcuD/libs.tech/ngspice/sm141064.ngspice, section definition tt not found

ERROR: fatal error in ngspice, exit(1)
